{"/home/munolar/code/obsidian-dev/TaskTimeline/src/core/update/updateBoardGrouping.ts": {"path":"/home/munolar/code/obsidian-dev/TaskTimeline/src/core/update/updateBoardGrouping.ts","statementMap":{"0":{"start":{"line":3,"column":0},"end":{"line":3,"column":65}},"1":{"start":{"line":6,"column":18},"end":{"line":6,"column":58}},"2":{"start":{"line":7,"column":31},"end":{"line":7,"column":73}},"3":{"start":{"line":10,"column":28},"end":{"line":10,"column":112}},"4":{"start":{"line":12,"column":4},"end":{"line":16,"column":null}},"5":{"start":{"line":5,"column":0},"end":{"line":5,"column":16}},"6":{"start":{"line":22,"column":4},"end":{"line":22,"column":54}},"7":{"start":{"line":21,"column":0},"end":{"line":21,"column":16}},"8":{"start":{"line":26,"column":4},"end":{"line":32,"column":null}},"9":{"start":{"line":27,"column":21},"end":{"line":27,"column":42}},"10":{"start":{"line":28,"column":23},"end":{"line":28,"column":48}},"11":{"start":{"line":29,"column":25},"end":{"line":29,"column":52}},"12":{"start":{"line":30,"column":25},"end":{"line":30,"column":52}},"13":{"start":{"line":31,"column":17},"end":{"line":31,"column":43}},"14":{"start":{"line":25,"column":0},"end":{"line":25,"column":16}}},"fnMap":{"0":{"name":"updateBoardGrouping","decl":{"start":{"line":5,"column":16},"end":{"line":5,"column":35}},"loc":{"start":{"line":5,"column":86},"end":{"line":19,"column":1}}},"1":{"name":"getGroupingOptions","decl":{"start":{"line":21,"column":16},"end":{"line":21,"column":34}},"loc":{"start":{"line":21,"column":34},"end":{"line":23,"column":1}}},"2":{"name":"getGroupingLabel","decl":{"start":{"line":25,"column":16},"end":{"line":25,"column":32}},"loc":{"start":{"line":25,"column":48},"end":{"line":33,"column":1}}}},"branchMap":{"0":{"loc":{"start":{"line":6,"column":18},"end":{"line":6,"column":58}},"type":"binary-expr","locations":[{"start":{"line":6,"column":18},"end":{"line":6,"column":52}},{"start":{"line":6,"column":56},"end":{"line":6,"column":58}}]},"1":{"loc":{"start":{"line":26,"column":4},"end":{"line":32,"column":null}},"type":"switch","locations":[{"start":{"line":27,"column":8},"end":{"line":27,"column":42}},{"start":{"line":28,"column":8},"end":{"line":28,"column":48}},{"start":{"line":29,"column":8},"end":{"line":29,"column":52}},{"start":{"line":30,"column":8},"end":{"line":30,"column":52}},{"start":{"line":31,"column":8},"end":{"line":31,"column":43}}]}},"s":{"0":3,"1":44,"2":44,"3":44,"4":44,"5":3,"6":0,"7":3,"8":0,"9":0,"10":0,"11":0,"12":0,"13":0,"14":3},"f":{"0":44,"1":0,"2":0},"b":{"0":[44,0],"1":[0,0,0,0,0]}}
,"/home/munolar/code/obsidian-dev/TaskTimeline/src/core/update/updateCurrentDate.ts": {"path":"/home/munolar/code/obsidian-dev/TaskTimeline/src/core/update/updateCurrentDate.ts","statementMap":{"0":{"start":{"line":3,"column":0},"end":{"line":3,"column":77}},"1":{"start":{"line":12,"column":4},"end":{"line":12,"column":37}},"2":{"start":{"line":14,"column":4},"end":{"line":14,"column":88}},"3":{"start":{"line":5,"column":0},"end":{"line":5,"column":22}}},"fnMap":{"0":{"name":"updateCurrentDate","decl":{"start":{"line":5,"column":22},"end":{"line":5,"column":39}},"loc":{"start":{"line":9,"column":16},"end":{"line":15,"column":null}}}},"branchMap":{},"s":{"0":1,"1":27,"2":27,"3":1},"f":{"0":27},"b":{}}
,"/home/munolar/code/obsidian-dev/TaskTimeline/src/core/update/updateLayout.ts": {"path":"/home/munolar/code/obsidian-dev/TaskTimeline/src/core/update/updateLayout.ts","statementMap":{"0":{"start":{"line":4,"column":0},"end":{"line":4,"column":48}},"1":{"start":{"line":5,"column":0},"end":{"line":5,"column":115}},"2":{"start":{"line":6,"column":0},"end":{"line":6,"column":67}},"3":{"start":{"line":8,"column":20},"end":{"line":8,"column":42}},"4":{"start":{"line":11,"column":4},"end":{"line":11,"column":24}},"5":{"start":{"line":10,"column":0},"end":{"line":10,"column":16}},"6":{"start":{"line":16,"column":18},"end":{"line":16,"column":58}},"7":{"start":{"line":17,"column":22},"end":{"line":17,"column":90}},"8":{"start":{"line":18,"column":27},"end":{"line":18,"column":62}},"9":{"start":{"line":19,"column":24},"end":{"line":19,"column":78}},"10":{"start":{"line":20,"column":28},"end":{"line":20,"column":82}},"11":{"start":{"line":22,"column":29},"end":{"line":22,"column":67}},"12":{"start":{"line":26,"column":4},"end":{"line":50,"column":null}},"13":{"start":{"line":28,"column":8},"end":{"line":28,"column":60}},"14":{"start":{"line":29,"column":8},"end":{"line":29,"column":68}},"15":{"start":{"line":30,"column":8},"end":{"line":30,"column":41}},"16":{"start":{"line":33,"column":31},"end":{"line":33,"column":42}},"17":{"start":{"line":34,"column":26},"end":{"line":34,"column":63}},"18":{"start":{"line":35,"column":28},"end":{"line":35,"column":59}},"19":{"start":{"line":37,"column":8},"end":{"line":49,"column":null}},"20":{"start":{"line":38,"column":12},"end":{"line":38,"column":89}},"21":{"start":{"line":39,"column":12},"end":{"line":39,"column":88}},"22":{"start":{"line":40,"column":15},"end":{"line":49,"column":null}},"23":{"start":{"line":41,"column":12},"end":{"line":41,"column":90}},"24":{"start":{"line":42,"column":12},"end":{"line":42,"column":89}},"25":{"start":{"line":43,"column":15},"end":{"line":49,"column":null}},"26":{"start":{"line":44,"column":12},"end":{"line":44,"column":91}},"27":{"start":{"line":45,"column":12},"end":{"line":45,"column":90}},"28":{"start":{"line":47,"column":12},"end":{"line":47,"column":89}},"29":{"start":{"line":48,"column":12},"end":{"line":48,"column":88}},"30":{"start":{"line":52,"column":21},"end":{"line":52,"column":166}},"31":{"start":{"line":54,"column":4},"end":{"line":63,"column":null}},"32":{"start":{"line":55,"column":23},"end":{"line":55,"column":48}},"33":{"start":{"line":56,"column":8},"end":{"line":60,"column":null}},"34":{"start":{"line":65,"column":26},"end":{"line":65,"column":94}},"35":{"start":{"line":67,"column":21},"end":{"line":67,"column":102}},"36":{"start":{"line":68,"column":22},"end":{"line":68,"column":115}},"37":{"start":{"line":70,"column":22},"end":{"line":70,"column":46}},"38":{"start":{"line":71,"column":23},"end":{"line":71,"column":79}},"39":{"start":{"line":71,"column":57},"end":{"line":71,"column":74}},"40":{"start":{"line":73,"column":19},"end":{"line":80,"column":6}},"41":{"start":{"line":82,"column":4},"end":{"line":85,"column":null}},"42":{"start":{"line":83,"column":25},"end":{"line":83,"column":56}},"43":{"start":{"line":84,"column":8},"end":{"line":84,"column":37}},"44":{"start":{"line":86,"column":4},"end":{"line":86,"column":38}},"45":{"start":{"line":88,"column":4},"end":{"line":92,"column":null}},"46":{"start":{"line":15,"column":0},"end":{"line":15,"column":16}},"47":{"start":{"line":98,"column":20},"end":{"line":98,"column":81}},"48":{"start":{"line":98,"column":35},"end":{"line":98,"column":70}},"49":{"start":{"line":99,"column":24},"end":{"line":99,"column":98}},"50":{"start":{"line":100,"column":24},"end":{"line":100,"column":104}},"51":{"start":{"line":101,"column":4},"end":{"line":101,"column":103}},"52":{"start":{"line":105,"column":94},"end":{"line":105,"column":96}},"53":{"start":{"line":106,"column":22},"end":{"line":106,"column":46}},"54":{"start":{"line":107,"column":16},"end":{"line":107,"column":17}},"55":{"start":{"line":109,"column":4},"end":{"line":165,"column":null}},"56":{"start":{"line":110,"column":8},"end":{"line":137,"column":null}},"57":{"start":{"line":110,"column":21},"end":{"line":110,"column":22}},"58":{"start":{"line":111,"column":33},"end":{"line":111,"column":74}},"59":{"start":{"line":113,"column":12},"end":{"line":125,"column":null}},"60":{"start":{"line":115,"column":34},"end":{"line":115,"column":59}},"61":{"start":{"line":116,"column":32},"end":{"line":116,"column":67}},"62":{"start":{"line":117,"column":40},"end":{"line":117,"column":98}},"63":{"start":{"line":118,"column":37},"end":{"line":118,"column":99}},"64":{"start":{"line":121,"column":36},"end":{"line":121,"column":123}},"65":{"start":{"line":122,"column":16},"end":{"line":122,"column":70}},"66":{"start":{"line":124,"column":16},"end":{"line":124,"column":68}},"67":{"start":{"line":126,"column":12},"end":{"line":131,"column":15}},"68":{"start":{"line":133,"column":12},"end":{"line":136,"column":null}},"69":{"start":{"line":134,"column":16},"end":{"line":134,"column":64}},"70":{"start":{"line":135,"column":16},"end":{"line":135,"column":24}},"71":{"start":{"line":139,"column":8},"end":{"line":164,"column":null}},"72":{"start":{"line":140,"column":33},"end":{"line":140,"column":74}},"73":{"start":{"line":142,"column":12},"end":{"line":154,"column":null}},"74":{"start":{"line":144,"column":34},"end":{"line":144,"column":59}},"75":{"start":{"line":145,"column":32},"end":{"line":145,"column":67}},"76":{"start":{"line":146,"column":40},"end":{"line":146,"column":98}},"77":{"start":{"line":147,"column":37},"end":{"line":147,"column":99}},"78":{"start":{"line":150,"column":36},"end":{"line":150,"column":123}},"79":{"start":{"line":151,"column":16},"end":{"line":151,"column":70}},"80":{"start":{"line":153,"column":16},"end":{"line":153,"column":68}},"81":{"start":{"line":155,"column":12},"end":{"line":160,"column":15}},"82":{"start":{"line":162,"column":12},"end":{"line":162,"column":60}},"83":{"start":{"line":163,"column":12},"end":{"line":163,"column":20}},"84":{"start":{"line":167,"column":4},"end":{"line":167,"column":19}},"85":{"start":{"line":171,"column":4},"end":{"line":191,"column":null}},"86":{"start":{"line":173,"column":8},"end":{"line":173,"column":37}},"87":{"start":{"line":174,"column":11},"end":{"line":191,"column":null}},"88":{"start":{"line":176,"column":26},"end":{"line":176,"column":44}},"89":{"start":{"line":177,"column":24},"end":{"line":177,"column":59}},"90":{"start":{"line":180,"column":32},"end":{"line":180,"column":90}},"91":{"start":{"line":181,"column":29},"end":{"line":181,"column":91}},"92":{"start":{"line":183,"column":35},"end":{"line":183,"column":93}},"93":{"start":{"line":184,"column":32},"end":{"line":184,"column":84}},"94":{"start":{"line":186,"column":8},"end":{"line":186,"column":53}},"95":{"start":{"line":187,"column":11},"end":{"line":191,"column":null}},"96":{"start":{"line":189,"column":26},"end":{"line":189,"column":39}},"97":{"start":{"line":190,"column":8},"end":{"line":190,"column":31}},"98":{"start":{"line":193,"column":4},"end":{"line":193,"column":17}},"99":{"start":{"line":197,"column":25},"end":{"line":197,"column":51}},"100":{"start":{"line":198,"column":62},"end":{"line":198,"column":64}},"101":{"start":{"line":201,"column":4},"end":{"line":207,"column":null}},"102":{"start":{"line":202,"column":27},"end":{"line":202,"column":50}},"103":{"start":{"line":203,"column":8},"end":{"line":206,"column":null}},"104":{"start":{"line":204,"column":36},"end":{"line":204,"column":95}},"105":{"start":{"line":205,"column":12},"end":{"line":205,"column":73}},"106":{"start":{"line":209,"column":4},"end":{"line":209,"column":21}},"107":{"start":{"line":213,"column":4},"end":{"line":213,"column":38}},"108":{"start":{"line":213,"column":28},"end":{"line":213,"column":38}},"109":{"start":{"line":215,"column":24},"end":{"line":222,"column":6}},"110":{"start":{"line":216,"column":26},"end":{"line":216,"column":40}},"111":{"start":{"line":217,"column":26},"end":{"line":217,"column":40}},"112":{"start":{"line":219,"column":8},"end":{"line":219,"column":66}},"113":{"start":{"line":219,"column":37},"end":{"line":219,"column":66}},"114":{"start":{"line":220,"column":8},"end":{"line":220,"column":84}},"115":{"start":{"line":220,"column":39},"end":{"line":220,"column":84}},"116":{"start":{"line":221,"column":8},"end":{"line":221,"column":73}},"117":{"start":{"line":225,"column":51},"end":{"line":225,"column":60}},"118":{"start":{"line":226,"column":37},"end":{"line":226,"column":39}},"119":{"start":{"line":228,"column":4},"end":{"line":237,"column":null}},"120":{"start":{"line":229,"column":25},"end":{"line":229,"column":76}},"121":{"start":{"line":230,"column":8},"end":{"line":236,"column":null}},"122":{"start":{"line":231,"column":24},"end":{"line":231,"column":95}},"123":{"start":{"line":232,"column":31},"end":{"line":232,"column":57}},"124":{"start":{"line":234,"column":12},"end":{"line":234,"column":64}},"125":{"start":{"line":235,"column":12},"end":{"line":235,"column":85}},"126":{"start":{"line":239,"column":4},"end":{"line":239,"column":27}},"127":{"start":{"line":243,"column":4},"end":{"line":243,"column":28}},"128":{"start":{"line":243,"column":19},"end":{"line":243,"column":28}},"129":{"start":{"line":244,"column":18},"end":{"line":244,"column":38}},"130":{"start":{"line":245,"column":16},"end":{"line":245,"column":34}},"131":{"start":{"line":246,"column":4},"end":{"line":246,"column":94}},"132":{"start":{"line":250,"column":22},"end":{"line":250,"column":42}},"133":{"start":{"line":251,"column":20},"end":{"line":251,"column":61}},"134":{"start":{"line":253,"column":17},"end":{"line":253,"column":19}},"135":{"start":{"line":254,"column":15},"end":{"line":254,"column":17}},"136":{"start":{"line":256,"column":4},"end":{"line":261,"column":null}},"137":{"start":{"line":257,"column":8},"end":{"line":260,"column":null}},"138":{"start":{"line":258,"column":12},"end":{"line":258,"column":53}},"139":{"start":{"line":258,"column":31},"end":{"line":258,"column":53}},"140":{"start":{"line":259,"column":12},"end":{"line":259,"column":32}},"141":{"start":{"line":263,"column":4},"end":{"line":263,"column":35}},"142":{"start":{"line":263,"column":23},"end":{"line":263,"column":35}},"143":{"start":{"line":265,"column":14},"end":{"line":265,"column":58}},"144":{"start":{"line":267,"column":4},"end":{"line":267,"column":31}},"145":{"start":{"line":271,"column":32},"end":{"line":271,"column":56}},"146":{"start":{"line":272,"column":30},"end":{"line":272,"column":52}},"147":{"start":{"line":273,"column":33},"end":{"line":273,"column":58}},"148":{"start":{"line":275,"column":4},"end":{"line":287,"column":null}},"149":{"start":{"line":276,"column":8},"end":{"line":276,"column":104}},"150":{"start":{"line":277,"column":11},"end":{"line":287,"column":null}},"151":{"start":{"line":278,"column":32},"end":{"line":278,"column":66}},"152":{"start":{"line":279,"column":30},"end":{"line":279,"column":71}},"153":{"start":{"line":281,"column":8},"end":{"line":281,"column":93}},"154":{"start":{"line":282,"column":11},"end":{"line":287,"column":null}},"155":{"start":{"line":283,"column":33},"end":{"line":283,"column":113}},"156":{"start":{"line":284,"column":31},"end":{"line":284,"column":115}},"157":{"start":{"line":286,"column":8},"end":{"line":286,"column":95}},"158":{"start":{"line":289,"column":4},"end":{"line":289,"column":17}},"159":{"start":{"line":293,"column":14},"end":{"line":293,"column":28}},"160":{"start":{"line":294,"column":16},"end":{"line":294,"column":26}},"161":{"start":{"line":295,"column":17},"end":{"line":295,"column":57}},"162":{"start":{"line":296,"column":4},"end":{"line":296,"column":37}},"163":{"start":{"line":300,"column":4},"end":{"line":304,"column":null}},"164":{"start":{"line":300,"column":19},"end":{"line":300,"column":20}},"165":{"start":{"line":301,"column":8},"end":{"line":303,"column":null}},"166":{"start":{"line":302,"column":12},"end":{"line":302,"column":23}},"167":{"start":{"line":306,"column":4},"end":{"line":306,"column":31}},"168":{"start":{"line":310,"column":4},"end":{"line":310,"column":26}},"169":{"start":{"line":310,"column":14},"end":{"line":310,"column":26}},"170":{"start":{"line":312,"column":4},"end":{"line":314,"column":null}},"171":{"start":{"line":312,"column":19},"end":{"line":312,"column":25}},"172":{"start":{"line":313,"column":8},"end":{"line":313,"column":35}},"173":{"start":{"line":313,"column":22},"end":{"line":313,"column":35}},"174":{"start":{"line":316,"column":4},"end":{"line":316,"column":16}},"175":{"start":{"line":320,"column":4},"end":{"line":322,"column":null}},"176":{"start":{"line":321,"column":8},"end":{"line":321,"column":30}},"177":{"start":{"line":324,"column":4},"end":{"line":326,"column":null}},"178":{"start":{"line":324,"column":19},"end":{"line":324,"column":25}},"179":{"start":{"line":325,"column":8},"end":{"line":325,"column":36}},"180":{"start":{"line":331,"column":14},"end":{"line":331,"column":15}},"181":{"start":{"line":333,"column":4},"end":{"line":352,"column":null}},"182":{"start":{"line":334,"column":29},"end":{"line":334,"column":50}},"183":{"start":{"line":335,"column":8},"end":{"line":337,"column":null}},"184":{"start":{"line":336,"column":12},"end":{"line":336,"column":23}},"185":{"start":{"line":339,"column":24},"end":{"line":339,"column":28}},"186":{"start":{"line":340,"column":8},"end":{"line":345,"column":null}},"187":{"start":{"line":340,"column":23},"end":{"line":340,"column":29}},"188":{"start":{"line":341,"column":12},"end":{"line":344,"column":null}},"189":{"start":{"line":342,"column":16},"end":{"line":342,"column":34}},"190":{"start":{"line":343,"column":16},"end":{"line":343,"column":22}},"191":{"start":{"line":347,"column":8},"end":{"line":349,"column":null}},"192":{"start":{"line":348,"column":12},"end":{"line":348,"column":23}},"193":{"start":{"line":351,"column":8},"end":{"line":351,"column":14}},"194":{"start":{"line":356,"column":4},"end":{"line":358,"column":null}},"195":{"start":{"line":357,"column":8},"end":{"line":357,"column":39}},"196":{"start":{"line":360,"column":16},"end":{"line":360,"column":36}},"197":{"start":{"line":361,"column":4},"end":{"line":363,"column":null}},"198":{"start":{"line":361,"column":19},"end":{"line":361,"column":25}},"199":{"start":{"line":362,"column":8},"end":{"line":362,"column":21}}},"fnMap":{"0":{"name":"clearLayoutCache","decl":{"start":{"line":10,"column":16},"end":{"line":10,"column":32}},"loc":{"start":{"line":10,"column":32},"end":{"line":12,"column":1}}},"1":{"name":"updateLayout","decl":{"start":{"line":15,"column":16},"end":{"line":15,"column":28}},"loc":{"start":{"line":15,"column":62},"end":{"line":95,"column":1}}},"2":{"name":"(anonymous_2)","decl":{"start":{"line":71,"column":49},"end":{"line":71,"column":53}},"loc":{"start":{"line":71,"column":57},"end":{"line":71,"column":74}}},"3":{"name":"generateCacheKey","decl":{"start":{"line":97,"column":9},"end":{"line":97,"column":25}},"loc":{"start":{"line":97,"column":151},"end":{"line":102,"column":1}}},"4":{"name":"(anonymous_4)","decl":{"start":{"line":98,"column":30},"end":{"line":98,"column":31}},"loc":{"start":{"line":98,"column":35},"end":{"line":98,"column":70}}},"5":{"name":"generateColumnHeaders","decl":{"start":{"line":104,"column":9},"end":{"line":104,"column":30}},"loc":{"start":{"line":104,"column":105},"end":{"line":168,"column":1}}},"6":{"name":"isHeaderEmphasized","decl":{"start":{"line":170,"column":9},"end":{"line":170,"column":27}},"loc":{"start":{"line":170,"column":58},"end":{"line":194,"column":1}}},"7":{"name":"generateTaskGrids","decl":{"start":{"line":196,"column":9},"end":{"line":196,"column":26}},"loc":{"start":{"line":196,"column":194},"end":{"line":210,"column":1}}},"8":{"name":"calculateTaskPositions","decl":{"start":{"line":212,"column":9},"end":{"line":212,"column":31}},"loc":{"start":{"line":212,"column":155},"end":{"line":240,"column":1}}},"9":{"name":"(anonymous_9)","decl":{"start":{"line":215,"column":40},"end":{"line":215,"column":41}},"loc":{"start":{"line":215,"column":49},"end":{"line":222,"column":5}}},"10":{"name":"getDuration","decl":{"start":{"line":242,"column":9},"end":{"line":242,"column":20}},"loc":{"start":{"line":242,"column":32},"end":{"line":247,"column":1}}},"11":{"name":"findTaskPosition","decl":{"start":{"line":249,"column":9},"end":{"line":249,"column":25}},"loc":{"start":{"line":249,"column":183},"end":{"line":268,"column":1}}},"12":{"name":"isTaskInColumn","decl":{"start":{"line":270,"column":9},"end":{"line":270,"column":23}},"loc":{"start":{"line":270,"column":92},"end":{"line":290,"column":1}}},"13":{"name":"getWeekStart","decl":{"start":{"line":292,"column":9},"end":{"line":292,"column":21}},"loc":{"start":{"line":292,"column":32},"end":{"line":297,"column":1}}},"14":{"name":"findAvailableRow","decl":{"start":{"line":299,"column":9},"end":{"line":299,"column":25}},"loc":{"start":{"line":299,"column":91},"end":{"line":307,"column":1}}},"15":{"name":"isRowAvailable","decl":{"start":{"line":309,"column":9},"end":{"line":309,"column":23}},"loc":{"start":{"line":309,"column":73},"end":{"line":317,"column":1}}},"16":{"name":"markOccupied","decl":{"start":{"line":319,"column":9},"end":{"line":319,"column":21}},"loc":{"start":{"line":319,"column":98},"end":{"line":327,"column":1}}},"17":{"name":"findAvailableRowOptimized","decl":{"start":{"line":330,"column":9},"end":{"line":330,"column":34}},"loc":{"start":{"line":330,"column":103},"end":{"line":353,"column":1}}},"18":{"name":"markOccupiedOptimized","decl":{"start":{"line":355,"column":9},"end":{"line":355,"column":30}},"loc":{"start":{"line":355,"column":110},"end":{"line":364,"column":1}}}},"branchMap":{"0":{"loc":{"start":{"line":16,"column":18},"end":{"line":16,"column":58}},"type":"binary-expr","locations":[{"start":{"line":16,"column":18},"end":{"line":16,"column":52}},{"start":{"line":16,"column":56},"end":{"line":16,"column":58}}]},"1":{"loc":{"start":{"line":17,"column":22},"end":{"line":17,"column":90}},"type":"binary-expr","locations":[{"start":{"line":17,"column":22},"end":{"line":17,"column":74}},{"start":{"line":17,"column":78},"end":{"line":17,"column":90}}]},"2":{"loc":{"start":{"line":19,"column":24},"end":{"line":19,"column":78}},"type":"cond-expr","locations":[{"start":{"line":19,"column":41},"end":{"line":19,"column":65}},{"start":{"line":19,"column":68},"end":{"line":19,"column":78}}]},"3":{"loc":{"start":{"line":20,"column":28},"end":{"line":20,"column":82}},"type":"binary-expr","locations":[{"start":{"line":20,"column":28},"end":{"line":20,"column":77}},{"start":{"line":20,"column":81},"end":{"line":20,"column":82}}]},"4":{"loc":{"start":{"line":20,"column":28},"end":{"line":20,"column":77}},"type":"cond-expr","locations":[{"start":{"line":20,"column":60},"end":{"line":20,"column":62}},{"start":{"line":20,"column":60},"end":{"line":20,"column":77}}]},"5":{"loc":{"start":{"line":20,"column":28},"end":{"line":20,"column":62}},"type":"binary-expr","locations":[{"start":{"line":20,"column":28},"end":{"line":20,"column":62}},{"start":{"line":20,"column":60},"end":{"line":20,"column":62}}]},"6":{"loc":{"start":{"line":26,"column":4},"end":{"line":50,"column":null}},"type":"if","locations":[{"start":{"line":26,"column":4},"end":{"line":50,"column":null}},{"start":{"line":31,"column":11},"end":{"line":50,"column":null}}]},"7":{"loc":{"start":{"line":37,"column":8},"end":{"line":49,"column":null}},"type":"if","locations":[{"start":{"line":37,"column":8},"end":{"line":49,"column":null}},{"start":{"line":40,"column":15},"end":{"line":49,"column":null}}]},"8":{"loc":{"start":{"line":40,"column":15},"end":{"line":49,"column":null}},"type":"if","locations":[{"start":{"line":40,"column":15},"end":{"line":49,"column":null}},{"start":{"line":43,"column":15},"end":{"line":49,"column":null}}]},"9":{"loc":{"start":{"line":43,"column":15},"end":{"line":49,"column":null}},"type":"if","locations":[{"start":{"line":43,"column":15},"end":{"line":49,"column":null}},{"start":{"line":46,"column":15},"end":{"line":49,"column":null}}]},"10":{"loc":{"start":{"line":54,"column":4},"end":{"line":63,"column":null}},"type":"if","locations":[{"start":{"line":54,"column":4},"end":{"line":63,"column":null}}]},"11":{"loc":{"start":{"line":67,"column":21},"end":{"line":67,"column":102}},"type":"binary-expr","locations":[{"start":{"line":67,"column":21},"end":{"line":67,"column":58}},{"start":{"line":67,"column":62},"end":{"line":67,"column":102}}]},"12":{"loc":{"start":{"line":82,"column":4},"end":{"line":85,"column":null}},"type":"if","locations":[{"start":{"line":82,"column":4},"end":{"line":85,"column":null}}]},"13":{"loc":{"start":{"line":99,"column":24},"end":{"line":99,"column":98}},"type":"cond-expr","locations":[{"start":{"line":99,"column":35},"end":{"line":99,"column":86}},{"start":{"line":99,"column":89},"end":{"line":99,"column":98}}]},"14":{"loc":{"start":{"line":100,"column":24},"end":{"line":100,"column":104}},"type":"cond-expr","locations":[{"start":{"line":100,"column":35},"end":{"line":100,"column":95}},{"start":{"line":100,"column":98},"end":{"line":100,"column":104}}]},"15":{"loc":{"start":{"line":100,"column":58},"end":{"line":100,"column":93}},"type":"cond-expr","locations":[{"start":{"line":100,"column":82},"end":{"line":100,"column":84}},{"start":{"line":100,"column":82},"end":{"line":100,"column":93}}]},"16":{"loc":{"start":{"line":100,"column":58},"end":{"line":100,"column":84}},"type":"binary-expr","locations":[{"start":{"line":100,"column":58},"end":{"line":100,"column":84}},{"start":{"line":100,"column":82},"end":{"line":100,"column":84}}]},"17":{"loc":{"start":{"line":109,"column":4},"end":{"line":165,"column":null}},"type":"if","locations":[{"start":{"line":109,"column":4},"end":{"line":165,"column":null}},{"start":{"line":138,"column":11},"end":{"line":165,"column":null}}]},"18":{"loc":{"start":{"line":109,"column":8},"end":{"line":109,"column":42}},"type":"binary-expr","locations":[{"start":{"line":109,"column":8},"end":{"line":109,"column":21}},{"start":{"line":109,"column":25},"end":{"line":109,"column":42}}]},"19":{"loc":{"start":{"line":113,"column":12},"end":{"line":125,"column":null}},"type":"if","locations":[{"start":{"line":113,"column":12},"end":{"line":125,"column":null}},{"start":{"line":123,"column":19},"end":{"line":125,"column":null}}]},"20":{"loc":{"start":{"line":113,"column":16},"end":{"line":113,"column":58}},"type":"binary-expr","locations":[{"start":{"line":113,"column":16},"end":{"line":113,"column":42}},{"start":{"line":113,"column":46},"end":{"line":113,"column":58}}]},"21":{"loc":{"start":{"line":121,"column":36},"end":{"line":121,"column":123}},"type":"cond-expr","locations":[{"start":{"line":121,"column":93},"end":{"line":121,"column":105}},{"start":{"line":121,"column":108},"end":{"line":121,"column":123}}]},"22":{"loc":{"start":{"line":121,"column":37},"end":{"line":121,"column":89}},"type":"binary-expr","locations":[{"start":{"line":121,"column":37},"end":{"line":121,"column":62}},{"start":{"line":121,"column":66},"end":{"line":121,"column":89}}]},"23":{"loc":{"start":{"line":133,"column":12},"end":{"line":136,"column":null}},"type":"if","locations":[{"start":{"line":133,"column":12},"end":{"line":136,"column":null}}]},"24":{"loc":{"start":{"line":142,"column":12},"end":{"line":154,"column":null}},"type":"if","locations":[{"start":{"line":142,"column":12},"end":{"line":154,"column":null}},{"start":{"line":152,"column":19},"end":{"line":154,"column":null}}]},"25":{"loc":{"start":{"line":142,"column":16},"end":{"line":142,"column":58}},"type":"binary-expr","locations":[{"start":{"line":142,"column":16},"end":{"line":142,"column":42}},{"start":{"line":142,"column":46},"end":{"line":142,"column":58}}]},"26":{"loc":{"start":{"line":150,"column":36},"end":{"line":150,"column":123}},"type":"cond-expr","locations":[{"start":{"line":150,"column":93},"end":{"line":150,"column":105}},{"start":{"line":150,"column":108},"end":{"line":150,"column":123}}]},"27":{"loc":{"start":{"line":150,"column":37},"end":{"line":150,"column":89}},"type":"binary-expr","locations":[{"start":{"line":150,"column":37},"end":{"line":150,"column":62}},{"start":{"line":150,"column":66},"end":{"line":150,"column":89}}]},"28":{"loc":{"start":{"line":171,"column":4},"end":{"line":191,"column":null}},"type":"if","locations":[{"start":{"line":171,"column":4},"end":{"line":191,"column":null}},{"start":{"line":174,"column":11},"end":{"line":191,"column":null}}]},"29":{"loc":{"start":{"line":174,"column":11},"end":{"line":191,"column":null}},"type":"if","locations":[{"start":{"line":174,"column":11},"end":{"line":191,"column":null}},{"start":{"line":187,"column":11},"end":{"line":191,"column":null}}]},"30":{"loc":{"start":{"line":183,"column":35},"end":{"line":183,"column":93}},"type":"binary-expr","locations":[{"start":{"line":183,"column":35},"end":{"line":183,"column":63}},{"start":{"line":183,"column":67},"end":{"line":183,"column":93}}]},"31":{"loc":{"start":{"line":184,"column":32},"end":{"line":184,"column":84}},"type":"binary-expr","locations":[{"start":{"line":184,"column":32},"end":{"line":184,"column":57}},{"start":{"line":184,"column":61},"end":{"line":184,"column":84}}]},"32":{"loc":{"start":{"line":186,"column":15},"end":{"line":186,"column":52}},"type":"binary-expr","locations":[{"start":{"line":186,"column":15},"end":{"line":186,"column":33}},{"start":{"line":186,"column":37},"end":{"line":186,"column":52}}]},"33":{"loc":{"start":{"line":187,"column":11},"end":{"line":191,"column":null}},"type":"if","locations":[{"start":{"line":187,"column":11},"end":{"line":191,"column":null}}]},"34":{"loc":{"start":{"line":203,"column":8},"end":{"line":206,"column":null}},"type":"if","locations":[{"start":{"line":203,"column":8},"end":{"line":206,"column":null}}]},"35":{"loc":{"start":{"line":203,"column":12},"end":{"line":203,"column":47}},"type":"binary-expr","locations":[{"start":{"line":203,"column":12},"end":{"line":203,"column":22}},{"start":{"line":203,"column":26},"end":{"line":203,"column":47}}]},"36":{"loc":{"start":{"line":213,"column":4},"end":{"line":213,"column":38}},"type":"if","locations":[{"start":{"line":213,"column":4},"end":{"line":213,"column":38}}]},"37":{"loc":{"start":{"line":219,"column":8},"end":{"line":219,"column":66}},"type":"if","locations":[{"start":{"line":219,"column":8},"end":{"line":219,"column":66}}]},"38":{"loc":{"start":{"line":220,"column":8},"end":{"line":220,"column":84}},"type":"if","locations":[{"start":{"line":220,"column":8},"end":{"line":220,"column":84}}]},"39":{"loc":{"start":{"line":220,"column":47},"end":{"line":220,"column":62}},"type":"binary-expr","locations":[{"start":{"line":220,"column":47},"end":{"line":220,"column":57}},{"start":{"line":220,"column":61},"end":{"line":220,"column":62}}]},"40":{"loc":{"start":{"line":220,"column":67},"end":{"line":220,"column":82}},"type":"binary-expr","locations":[{"start":{"line":220,"column":67},"end":{"line":220,"column":77}},{"start":{"line":220,"column":81},"end":{"line":220,"column":82}}]},"41":{"loc":{"start":{"line":230,"column":8},"end":{"line":236,"column":null}},"type":"if","locations":[{"start":{"line":230,"column":8},"end":{"line":236,"column":null}}]},"42":{"loc":{"start":{"line":243,"column":4},"end":{"line":243,"column":28}},"type":"if","locations":[{"start":{"line":243,"column":4},"end":{"line":243,"column":28}}]},"43":{"loc":{"start":{"line":251,"column":20},"end":{"line":251,"column":61}},"type":"cond-expr","locations":[{"start":{"line":251,"column":31},"end":{"line":251,"column":49}},{"start":{"line":251,"column":52},"end":{"line":251,"column":61}}]},"44":{"loc":{"start":{"line":257,"column":8},"end":{"line":260,"column":null}},"type":"if","locations":[{"start":{"line":257,"column":8},"end":{"line":260,"column":null}}]},"45":{"loc":{"start":{"line":258,"column":12},"end":{"line":258,"column":53}},"type":"if","locations":[{"start":{"line":258,"column":12},"end":{"line":258,"column":53}}]},"46":{"loc":{"start":{"line":263,"column":4},"end":{"line":263,"column":35}},"type":"if","locations":[{"start":{"line":263,"column":4},"end":{"line":263,"column":35}}]},"47":{"loc":{"start":{"line":275,"column":4},"end":{"line":287,"column":null}},"type":"if","locations":[{"start":{"line":275,"column":4},"end":{"line":287,"column":null}},{"start":{"line":277,"column":11},"end":{"line":287,"column":null}}]},"48":{"loc":{"start":{"line":276,"column":15},"end":{"line":276,"column":103}},"type":"binary-expr","locations":[{"start":{"line":276,"column":15},"end":{"line":276,"column":58}},{"start":{"line":276,"column":62},"end":{"line":276,"column":103}}]},"49":{"loc":{"start":{"line":277,"column":11},"end":{"line":287,"column":null}},"type":"if","locations":[{"start":{"line":277,"column":11},"end":{"line":287,"column":null}},{"start":{"line":282,"column":11},"end":{"line":287,"column":null}}]},"50":{"loc":{"start":{"line":281,"column":17},"end":{"line":281,"column":91}},"type":"binary-expr","locations":[{"start":{"line":281,"column":17},"end":{"line":281,"column":52}},{"start":{"line":281,"column":56},"end":{"line":281,"column":91}}]},"51":{"loc":{"start":{"line":282,"column":11},"end":{"line":287,"column":null}},"type":"if","locations":[{"start":{"line":282,"column":11},"end":{"line":287,"column":null}}]},"52":{"loc":{"start":{"line":286,"column":17},"end":{"line":286,"column":93}},"type":"binary-expr","locations":[{"start":{"line":286,"column":17},"end":{"line":286,"column":53}},{"start":{"line":286,"column":57},"end":{"line":286,"column":93}}]},"53":{"loc":{"start":{"line":295,"column":38},"end":{"line":295,"column":56}},"type":"cond-expr","locations":[{"start":{"line":295,"column":50},"end":{"line":295,"column":52}},{"start":{"line":295,"column":55},"end":{"line":295,"column":56}}]},"54":{"loc":{"start":{"line":301,"column":8},"end":{"line":303,"column":null}},"type":"if","locations":[{"start":{"line":301,"column":8},"end":{"line":303,"column":null}}]},"55":{"loc":{"start":{"line":310,"column":4},"end":{"line":310,"column":26}},"type":"if","locations":[{"start":{"line":310,"column":4},"end":{"line":310,"column":26}}]},"56":{"loc":{"start":{"line":313,"column":8},"end":{"line":313,"column":35}},"type":"if","locations":[{"start":{"line":313,"column":8},"end":{"line":313,"column":35}}]},"57":{"loc":{"start":{"line":335,"column":8},"end":{"line":337,"column":null}},"type":"if","locations":[{"start":{"line":335,"column":8},"end":{"line":337,"column":null}}]},"58":{"loc":{"start":{"line":341,"column":12},"end":{"line":344,"column":null}},"type":"if","locations":[{"start":{"line":341,"column":12},"end":{"line":344,"column":null}}]},"59":{"loc":{"start":{"line":347,"column":8},"end":{"line":349,"column":null}},"type":"if","locations":[{"start":{"line":347,"column":8},"end":{"line":349,"column":null}}]},"60":{"loc":{"start":{"line":356,"column":4},"end":{"line":358,"column":null}},"type":"if","locations":[{"start":{"line":356,"column":4},"end":{"line":358,"column":null}}]}},"s":{"0":4,"1":4,"2":4,"3":4,"4":125,"5":4,"6":205,"7":205,"8":205,"9":205,"10":205,"11":205,"12":205,"13":16,"14":16,"15":16,"16":189,"17":189,"18":189,"19":189,"20":136,"21":136,"22":53,"23":27,"24":27,"25":26,"26":26,"27":26,"28":0,"29":0,"30":205,"31":205,"32":57,"33":57,"34":148,"35":148,"36":148,"37":148,"38":148,"39":207,"40":148,"41":148,"42":0,"43":0,"44":148,"45":148,"46":4,"47":205,"48":26717,"49":205,"50":205,"51":205,"52":148,"53":148,"54":148,"55":148,"56":148,"57":148,"58":1353,"59":1353,"60":25,"61":25,"62":25,"63":25,"64":25,"65":25,"66":1328,"67":1353,"68":1353,"69":1205,"70":1205,"71":0,"72":0,"73":0,"74":0,"75":0,"76":0,"77":0,"78":0,"79":0,"80":0,"81":0,"82":0,"83":0,"84":148,"85":1353,"86":182,"87":1171,"88":191,"89":191,"90":191,"91":191,"92":191,"93":191,"94":191,"95":980,"96":980,"97":980,"98":0,"99":148,"100":148,"101":148,"102":207,"103":207,"104":207,"105":207,"106":148,"107":207,"108":0,"109":207,"110":103130,"111":103130,"112":103130,"113":65840,"114":37290,"115":22892,"116":14398,"117":207,"118":207,"119":207,"120":15947,"121":15947,"122":3684,"123":3684,"124":3684,"125":3684,"126":207,"127":206260,"128":0,"129":206260,"130":206260,"131":206260,"132":15947,"133":15947,"134":15947,"135":15947,"136":15947,"137":149071,"138":9702,"139":3684,"140":9702,"141":15947,"142":12263,"143":3684,"144":3684,"145":149071,"146":149071,"147":149071,"148":149071,"149":103898,"150":45173,"151":22591,"152":22591,"153":22591,"154":22582,"155":22582,"156":22582,"157":22582,"158":0,"159":22807,"160":22807,"161":22807,"162":22807,"163":3684,"164":3684,"165":0,"166":0,"167":3684,"168":0,"169":0,"170":0,"171":0,"172":0,"173":0,"174":0,"175":0,"176":0,"177":0,"178":0,"179":0,"180":3684,"181":3684,"182":68160,"183":68160,"184":1756,"185":66404,"186":66404,"187":66404,"188":72504,"189":64476,"190":64476,"191":66404,"192":1928,"193":64476,"194":3684,"195":1756,"196":3684,"197":3684,"198":3684,"199":9702},"f":{"0":125,"1":205,"2":207,"3":205,"4":26717,"5":148,"6":1353,"7":148,"8":207,"9":103130,"10":206260,"11":15947,"12":149071,"13":22807,"14":3684,"15":0,"16":0,"17":3684,"18":3684},"b":{"0":[205,0],"1":[205,0],"2":[205,0],"3":[205,1],"4":[1,204],"5":[205,205],"6":[16,189],"7":[136,53],"8":[27,26],"9":[26,0],"10":[57],"11":[148,0],"12":[0],"13":[16,189],"14":[205,0],"15":[0,205],"16":[205,205],"17":[148,0],"18":[148,148],"19":[25,1328],"20":[1353,191],"21":[25,0],"22":[25,25],"23":[1205],"24":[0,0],"25":[0,0],"26":[0,0],"27":[0,0],"28":[182,1171],"29":[191,980],"30":[191,0],"31":[191,191],"32":[191,191],"33":[980],"34":[207],"35":[207,207],"36":[0],"37":[65840],"38":[22892],"39":[22892,0],"40":[22892,0],"41":[3684],"42":[0],"43":[15947,0],"44":[9702],"45":[3684],"46":[12263],"47":[103898,45173],"48":[103898,48255],"49":[22591,22582],"50":[22591,12989],"51":[22582],"52":[22582,13200],"53":[0,22807],"54":[0],"55":[0],"56":[0],"57":[1756],"58":[64476],"59":[1928],"60":[1756]}}
,"/home/munolar/code/obsidian-dev/TaskTimeline/src/core/update/updateTimeUnit.ts": {"path":"/home/munolar/code/obsidian-dev/TaskTimeline/src/core/update/updateTimeUnit.ts","statementMap":{"0":{"start":{"line":3,"column":0},"end":{"line":3,"column":48}},"1":{"start":{"line":5,"column":25},"end":{"line":5,"column":70}},"2":{"start":{"line":14,"column":4},"end":{"line":16,"column":null}},"3":{"start":{"line":15,"column":8},"end":{"line":15,"column":108}},"4":{"start":{"line":18,"column":23},"end":{"line":18,"column":50}},"5":{"start":{"line":19,"column":4},"end":{"line":19,"column":45}},"6":{"start":{"line":22,"column":21},"end":{"line":22,"column":46}},"7":{"start":{"line":23,"column":4},"end":{"line":23,"column":45}},"8":{"start":{"line":25,"column":4},"end":{"line":28,"column":6}},"9":{"start":{"line":7,"column":0},"end":{"line":7,"column":22}}},"fnMap":{"0":{"name":"updateTimeUnit","decl":{"start":{"line":7,"column":22},"end":{"line":7,"column":36}},"loc":{"start":{"line":11,"column":20},"end":{"line":29,"column":null}}}},"branchMap":{"0":{"loc":{"start":{"line":14,"column":4},"end":{"line":16,"column":null}},"type":"if","locations":[{"start":{"line":14,"column":4},"end":{"line":16,"column":null}}]}},"s":{"0":4,"1":4,"2":79,"3":0,"4":79,"5":79,"6":79,"7":79,"8":79,"9":4},"f":{"0":79},"b":{"0":[0]}}
,"/home/munolar/code/obsidian-dev/TaskTimeline/src/core/update/updateTimelineViewport.ts": {"path":"/home/munolar/code/obsidian-dev/TaskTimeline/src/core/update/updateTimelineViewport.ts","statementMap":{"0":{"start":{"line":3,"column":0},"end":{"line":3,"column":76}},"1":{"start":{"line":13,"column":4},"end":{"line":13,"column":50}},"2":{"start":{"line":15,"column":4},"end":{"line":17,"column":7}},"3":{"start":{"line":5,"column":0},"end":{"line":5,"column":22}}},"fnMap":{"0":{"name":"updateTimelineViewport","decl":{"start":{"line":5,"column":22},"end":{"line":5,"column":44}},"loc":{"start":{"line":10,"column":24},"end":{"line":18,"column":null}}}},"branchMap":{},"s":{"0":1,"1":8,"2":8,"3":1},"f":{"0":8},"b":{}}
,"/home/munolar/code/obsidian-dev/TaskTimeline/src/core/utils/colorUtils.ts": {"path":"/home/munolar/code/obsidian-dev/TaskTimeline/src/core/utils/colorUtils.ts","statementMap":{"0":{"start":{"line":1,"column":13},"end":{"line":10,"column":11}},"1":{"start":{"line":12,"column":13},"end":{"line":12,"column":39}},"2":{"start":{"line":13,"column":13},"end":{"line":13,"column":36}},"3":{"start":{"line":14,"column":13},"end":{"line":14,"column":33}},"4":{"start":{"line":16,"column":13},"end":{"line":21,"column":11}},"5":{"start":{"line":27,"column":4},"end":{"line":30,"column":8}},"6":{"start":{"line":27,"column":69},"end":{"line":30,"column":6}},"7":{"start":{"line":26,"column":0},"end":{"line":26,"column":16}},"8":{"start":{"line":34,"column":4},"end":{"line":36,"column":79}},"9":{"start":{"line":33,"column":0},"end":{"line":33,"column":16}},"10":{"start":{"line":40,"column":4},"end":{"line":40,"column":63}},"11":{"start":{"line":39,"column":0},"end":{"line":39,"column":16}}},"fnMap":{"0":{"name":"getAvailableColors","decl":{"start":{"line":26,"column":16},"end":{"line":26,"column":34}},"loc":{"start":{"line":26,"column":34},"end":{"line":31,"column":1}}},"1":{"name":"(anonymous_1)","decl":{"start":{"line":27,"column":49},"end":{"line":27,"column":50}},"loc":{"start":{"line":27,"column":69},"end":{"line":30,"column":6}}},"2":{"name":"isValidColor","decl":{"start":{"line":33,"column":16},"end":{"line":33,"column":28}},"loc":{"start":{"line":33,"column":42},"end":{"line":37,"column":1}}},"3":{"name":"isValidColorVariable","decl":{"start":{"line":39,"column":16},"end":{"line":39,"column":36}},"loc":{"start":{"line":39,"column":53},"end":{"line":41,"column":1}}}},"branchMap":{"0":{"loc":{"start":{"line":34,"column":11},"end":{"line":36,"column":78}},"type":"binary-expr","locations":[{"start":{"line":34,"column":11},"end":{"line":34,"column":31}},{"start":{"line":35,"column":11},"end":{"line":35,"column":34}},{"start":{"line":36,"column":11},"end":{"line":36,"column":78}}]}},"s":{"0":2,"1":2,"2":2,"3":2,"4":2,"5":1,"6":8,"7":2,"8":6,"9":2,"10":6,"11":2},"f":{"0":1,"1":8,"2":6,"3":6},"b":{"0":[6,5,4]}}
,"/home/munolar/code/obsidian-dev/TaskTimeline/src/core/utils/dateUtils.ts": {"path":"/home/munolar/code/obsidian-dev/TaskTimeline/src/core/utils/dateUtils.ts","statementMap":{"0":{"start":{"line":1,"column":0},"end":{"line":1,"column":48}},"1":{"start":{"line":7,"column":16},"end":{"line":7,"column":30}},"2":{"start":{"line":8,"column":1},"end":{"line":14,"column":null}},"3":{"start":{"line":9,"column":2},"end":{"line":9,"column":44}},"4":{"start":{"line":10,"column":8},"end":{"line":14,"column":null}},"5":{"start":{"line":11,"column":2},"end":{"line":11,"column":48}},"6":{"start":{"line":12,"column":8},"end":{"line":14,"column":null}},"7":{"start":{"line":13,"column":2},"end":{"line":13,"column":46}},"8":{"start":{"line":15,"column":1},"end":{"line":15,"column":15}},"9":{"start":{"line":6,"column":0},"end":{"line":6,"column":16}},"10":{"start":{"line":19,"column":2},"end":{"line":25,"column":null}},"11":{"start":{"line":20,"column":18},"end":{"line":20,"column":28}},"12":{"start":{"line":21,"column":17},"end":{"line":21,"column":36}},"13":{"start":{"line":22,"column":18},"end":{"line":22,"column":68}},"14":{"start":{"line":23,"column":16},"end":{"line":23,"column":59}},"15":{"start":{"line":24,"column":4},"end":{"line":24,"column":37}},"16":{"start":{"line":27,"column":15},"end":{"line":27,"column":33}},"17":{"start":{"line":28,"column":16},"end":{"line":28,"column":65}},"18":{"start":{"line":29,"column":14},"end":{"line":29,"column":56}},"19":{"start":{"line":31,"column":2},"end":{"line":31,"column":35}},"20":{"start":{"line":18,"column":0},"end":{"line":18,"column":16}},"21":{"start":{"line":35,"column":2},"end":{"line":35,"column":75}},"22":{"start":{"line":34,"column":0},"end":{"line":34,"column":16}},"23":{"start":{"line":39,"column":15},"end":{"line":39,"column":33}},"24":{"start":{"line":40,"column":16},"end":{"line":40,"column":31}},"25":{"start":{"line":41,"column":14},"end":{"line":41,"column":28}},"26":{"start":{"line":42,"column":2},"end":{"line":42,"column":46}},"27":{"start":{"line":38,"column":0},"end":{"line":38,"column":16}},"28":{"start":{"line":46,"column":19},"end":{"line":46,"column":43}},"29":{"start":{"line":47,"column":2},"end":{"line":47,"column":32}},"30":{"start":{"line":48,"column":2},"end":{"line":48,"column":75}},"31":{"start":{"line":49,"column":16},"end":{"line":49,"column":54}},"32":{"start":{"line":50,"column":2},"end":{"line":50,"column":116}},"33":{"start":{"line":45,"column":0},"end":{"line":45,"column":16}},"34":{"start":{"line":54,"column":2},"end":{"line":54,"column":46}},"35":{"start":{"line":53,"column":0},"end":{"line":53,"column":16}},"36":{"start":{"line":59,"column":2},"end":{"line":61,"column":null}},"37":{"start":{"line":60,"column":4},"end":{"line":60,"column":17}},"38":{"start":{"line":63,"column":2},"end":{"line":109,"column":null}},"39":{"start":{"line":65,"column":14},"end":{"line":65,"column":58}},"40":{"start":{"line":66,"column":14},"end":{"line":66,"column":61}},"41":{"start":{"line":67,"column":14},"end":{"line":67,"column":55}},"42":{"start":{"line":70,"column":4},"end":{"line":72,"column":null}},"43":{"start":{"line":71,"column":6},"end":{"line":71,"column":19}},"44":{"start":{"line":74,"column":27},"end":{"line":74,"column":43}},"45":{"start":{"line":75,"column":26},"end":{"line":75,"column":42}},"46":{"start":{"line":76,"column":24},"end":{"line":76,"column":40}},"47":{"start":{"line":79,"column":4},"end":{"line":81,"column":null}},"48":{"start":{"line":80,"column":6},"end":{"line":80,"column":74}},"49":{"start":{"line":83,"column":4},"end":{"line":106,"column":null}},"50":{"start":{"line":85,"column":6},"end":{"line":85,"column":82}},"51":{"start":{"line":86,"column":11},"end":{"line":106,"column":null}},"52":{"start":{"line":91,"column":24},"end":{"line":91,"column":52}},"53":{"start":{"line":92,"column":30},"end":{"line":92,"column":54}},"54":{"start":{"line":93,"column":6},"end":{"line":93,"column":72}},"55":{"start":{"line":97,"column":6},"end":{"line":97,"column":84}},"56":{"start":{"line":98,"column":11},"end":{"line":106,"column":null}},"57":{"start":{"line":100,"column":28},"end":{"line":100,"column":56}},"58":{"start":{"line":101,"column":29},"end":{"line":101,"column":58}},"59":{"start":{"line":102,"column":27},"end":{"line":102,"column":54}},"60":{"start":{"line":105,"column":6},"end":{"line":105,"column":78}},"61":{"start":{"line":108,"column":4},"end":{"line":108,"column":17}},"62":{"start":{"line":111,"column":2},"end":{"line":111,"column":15}},"63":{"start":{"line":57,"column":0},"end":{"line":57,"column":16}},"64":{"start":{"line":116,"column":2},"end":{"line":126,"column":null}},"65":{"start":{"line":117,"column":4},"end":{"line":120,"column":51}},"66":{"start":{"line":121,"column":9},"end":{"line":126,"column":null}},"67":{"start":{"line":122,"column":20},"end":{"line":122,"column":39}},"68":{"start":{"line":123,"column":4},"end":{"line":123,"column":82}},"69":{"start":{"line":124,"column":9},"end":{"line":126,"column":null}},"70":{"start":{"line":125,"column":4},"end":{"line":125,"column":81}},"71":{"start":{"line":127,"column":2},"end":{"line":127,"column":29}},"72":{"start":{"line":115,"column":0},"end":{"line":115,"column":16}},"73":{"start":{"line":131,"column":18},"end":{"line":131,"column":37}},"74":{"start":{"line":132,"column":20},"end":{"line":132,"column":37}},"75":{"start":{"line":133,"column":20},"end":{"line":133,"column":77}},"76":{"start":{"line":134,"column":2},"end":{"line":134,"column":100}},"77":{"start":{"line":130,"column":0},"end":{"line":130,"column":16}},"78":{"start":{"line":138,"column":2},"end":{"line":138,"column":82}},"79":{"start":{"line":137,"column":0},"end":{"line":137,"column":16}}},"fnMap":{"0":{"name":"addTime","decl":{"start":{"line":6,"column":16},"end":{"line":6,"column":23}},"loc":{"start":{"line":6,"column":66},"end":{"line":16,"column":1}}},"1":{"name":"formatDateYYYYMMDD","decl":{"start":{"line":18,"column":16},"end":{"line":18,"column":34}},"loc":{"start":{"line":18,"column":45},"end":{"line":32,"column":1}}},"2":{"name":"diffDays","decl":{"start":{"line":34,"column":16},"end":{"line":34,"column":24}},"loc":{"start":{"line":34,"column":43},"end":{"line":36,"column":1}}},"3":{"name":"normalizeDate","decl":{"start":{"line":38,"column":16},"end":{"line":38,"column":29}},"loc":{"start":{"line":38,"column":37},"end":{"line":43,"column":1}}},"4":{"name":"getWeekNumber","decl":{"start":{"line":45,"column":16},"end":{"line":45,"column":29}},"loc":{"start":{"line":45,"column":40},"end":{"line":51,"column":1}}},"5":{"name":"getMonthYear","decl":{"start":{"line":53,"column":16},"end":{"line":53,"column":28}},"loc":{"start":{"line":53,"column":36},"end":{"line":55,"column":1}}},"6":{"name":"isDateInRange","decl":{"start":{"line":57,"column":16},"end":{"line":57,"column":29}},"loc":{"start":{"line":57,"column":84},"end":{"line":112,"column":1}}},"7":{"name":"formatDateByTimeUnit","decl":{"start":{"line":115,"column":16},"end":{"line":115,"column":36}},"loc":{"start":{"line":115,"column":63},"end":{"line":128,"column":1}}},"8":{"name":"formatWeekWithMonth","decl":{"start":{"line":130,"column":16},"end":{"line":130,"column":35}},"loc":{"start":{"line":130,"column":64},"end":{"line":135,"column":1}}},"9":{"name":"diffMonths","decl":{"start":{"line":137,"column":16},"end":{"line":137,"column":26}},"loc":{"start":{"line":137,"column":43},"end":{"line":139,"column":1}}}},"branchMap":{"0":{"loc":{"start":{"line":8,"column":1},"end":{"line":14,"column":null}},"type":"if","locations":[{"start":{"line":8,"column":1},"end":{"line":14,"column":null}},{"start":{"line":10,"column":8},"end":{"line":14,"column":null}}]},"1":{"loc":{"start":{"line":10,"column":8},"end":{"line":14,"column":null}},"type":"if","locations":[{"start":{"line":10,"column":8},"end":{"line":14,"column":null}},{"start":{"line":12,"column":8},"end":{"line":14,"column":null}}]},"2":{"loc":{"start":{"line":12,"column":8},"end":{"line":14,"column":null}},"type":"if","locations":[{"start":{"line":12,"column":8},"end":{"line":14,"column":null}}]},"3":{"loc":{"start":{"line":19,"column":2},"end":{"line":25,"column":null}},"type":"if","locations":[{"start":{"line":19,"column":2},"end":{"line":25,"column":null}}]},"4":{"loc":{"start":{"line":19,"column":6},"end":{"line":19,"column":63}},"type":"binary-expr","locations":[{"start":{"line":19,"column":6},"end":{"line":19,"column":11}},{"start":{"line":19,"column":15},"end":{"line":19,"column":38}},{"start":{"line":19,"column":42},"end":{"line":19,"column":63}}]},"5":{"loc":{"start":{"line":59,"column":2},"end":{"line":61,"column":null}},"type":"if","locations":[{"start":{"line":59,"column":2},"end":{"line":61,"column":null}}]},"6":{"loc":{"start":{"line":59,"column":6},"end":{"line":59,"column":29}},"type":"binary-expr","locations":[{"start":{"line":59,"column":6},"end":{"line":59,"column":11}},{"start":{"line":59,"column":15},"end":{"line":59,"column":21}},{"start":{"line":59,"column":25},"end":{"line":59,"column":29}}]},"7":{"loc":{"start":{"line":65,"column":14},"end":{"line":65,"column":58}},"type":"cond-expr","locations":[{"start":{"line":65,"column":37},"end":{"line":65,"column":41}},{"start":{"line":65,"column":44},"end":{"line":65,"column":58}}]},"8":{"loc":{"start":{"line":66,"column":14},"end":{"line":66,"column":61}},"type":"cond-expr","locations":[{"start":{"line":66,"column":38},"end":{"line":66,"column":43}},{"start":{"line":66,"column":46},"end":{"line":66,"column":61}}]},"9":{"loc":{"start":{"line":67,"column":14},"end":{"line":67,"column":55}},"type":"cond-expr","locations":[{"start":{"line":67,"column":36},"end":{"line":67,"column":39}},{"start":{"line":67,"column":42},"end":{"line":67,"column":55}}]},"10":{"loc":{"start":{"line":70,"column":4},"end":{"line":72,"column":null}},"type":"if","locations":[{"start":{"line":70,"column":4},"end":{"line":72,"column":null}}]},"11":{"loc":{"start":{"line":70,"column":8},"end":{"line":70,"column":70}},"type":"binary-expr","locations":[{"start":{"line":70,"column":8},"end":{"line":70,"column":26}},{"start":{"line":70,"column":30},"end":{"line":70,"column":48}},{"start":{"line":70,"column":52},"end":{"line":70,"column":70}}]},"12":{"loc":{"start":{"line":79,"column":4},"end":{"line":81,"column":null}},"type":"if","locations":[{"start":{"line":79,"column":4},"end":{"line":81,"column":null}}]},"13":{"loc":{"start":{"line":83,"column":4},"end":{"line":106,"column":null}},"type":"if","locations":[{"start":{"line":83,"column":4},"end":{"line":106,"column":null}},{"start":{"line":86,"column":11},"end":{"line":106,"column":null}}]},"14":{"loc":{"start":{"line":85,"column":13},"end":{"line":85,"column":81}},"type":"binary-expr","locations":[{"start":{"line":85,"column":13},"end":{"line":85,"column":46}},{"start":{"line":85,"column":50},"end":{"line":85,"column":81}}]},"15":{"loc":{"start":{"line":86,"column":11},"end":{"line":106,"column":null}},"type":"if","locations":[{"start":{"line":86,"column":11},"end":{"line":106,"column":null}},{"start":{"line":98,"column":11},"end":{"line":106,"column":null}}]},"16":{"loc":{"start":{"line":91,"column":24},"end":{"line":91,"column":52}},"type":"binary-expr","locations":[{"start":{"line":91,"column":24},"end":{"line":91,"column":47}},{"start":{"line":91,"column":51},"end":{"line":91,"column":52}}]},"17":{"loc":{"start":{"line":97,"column":13},"end":{"line":97,"column":83}},"type":"binary-expr","locations":[{"start":{"line":97,"column":13},"end":{"line":97,"column":47}},{"start":{"line":97,"column":51},"end":{"line":97,"column":83}}]},"18":{"loc":{"start":{"line":98,"column":11},"end":{"line":106,"column":null}},"type":"if","locations":[{"start":{"line":98,"column":11},"end":{"line":106,"column":null}}]},"19":{"loc":{"start":{"line":105,"column":13},"end":{"line":105,"column":77}},"type":"binary-expr","locations":[{"start":{"line":105,"column":13},"end":{"line":105,"column":44}},{"start":{"line":105,"column":48},"end":{"line":105,"column":77}}]},"20":{"loc":{"start":{"line":116,"column":2},"end":{"line":126,"column":null}},"type":"if","locations":[{"start":{"line":116,"column":2},"end":{"line":126,"column":null}},{"start":{"line":121,"column":9},"end":{"line":126,"column":null}}]},"21":{"loc":{"start":{"line":121,"column":9},"end":{"line":126,"column":null}},"type":"if","locations":[{"start":{"line":121,"column":9},"end":{"line":126,"column":null}},{"start":{"line":124,"column":9},"end":{"line":126,"column":null}}]},"22":{"loc":{"start":{"line":123,"column":42},"end":{"line":123,"column":80}},"type":"cond-expr","locations":[{"start":{"line":123,"column":57},"end":{"line":123,"column":70}},{"start":{"line":123,"column":73},"end":{"line":123,"column":80}}]},"23":{"loc":{"start":{"line":124,"column":9},"end":{"line":126,"column":null}},"type":"if","locations":[{"start":{"line":124,"column":9},"end":{"line":126,"column":null}}]},"24":{"loc":{"start":{"line":132,"column":20},"end":{"line":132,"column":37}},"type":"binary-expr","locations":[{"start":{"line":132,"column":20},"end":{"line":132,"column":29}},{"start":{"line":132,"column":33},"end":{"line":132,"column":37}}]},"25":{"loc":{"start":{"line":134,"column":40},"end":{"line":134,"column":78}},"type":"cond-expr","locations":[{"start":{"line":134,"column":55},"end":{"line":134,"column":68}},{"start":{"line":134,"column":71},"end":{"line":134,"column":78}}]}},"s":{"0":5,"1":24406,"2":24406,"3":23972,"4":434,"5":222,"6":212,"7":212,"8":24406,"9":5,"10":0,"11":0,"12":0,"13":0,"14":0,"15":0,"16":0,"17":0,"18":0,"19":0,"20":5,"21":0,"22":5,"23":447755,"24":447755,"25":447755,"26":447755,"27":5,"28":194,"29":194,"30":194,"31":194,"32":194,"33":5,"34":0,"35":5,"36":0,"37":0,"38":0,"39":0,"40":0,"41":0,"42":0,"43":0,"44":0,"45":0,"46":0,"47":0,"48":0,"49":0,"50":0,"51":0,"52":0,"53":0,"54":0,"55":0,"56":0,"57":0,"58":0,"59":0,"60":0,"61":0,"62":0,"63":5,"64":1329,"65":980,"66":349,"67":167,"68":167,"69":182,"70":182,"71":0,"72":5,"73":27,"74":27,"75":27,"76":27,"77":5,"78":0,"79":5},"f":{"0":24406,"1":0,"2":0,"3":447755,"4":194,"5":0,"6":0,"7":1329,"8":27,"9":0},"b":{"0":[23972,434],"1":[222,212],"2":[212],"3":[0],"4":[0,0,0],"5":[0],"6":[0,0,0],"7":[0,0],"8":[0,0],"9":[0,0],"10":[0],"11":[0,0,0],"12":[0],"13":[0,0],"14":[0,0],"15":[0,0],"16":[0,0],"17":[0,0],"18":[0],"19":[0,0],"20":[980,349],"21":[167,182],"22":[65,102],"23":[182],"24":[27,2],"25":[11,16]}}
,"/home/munolar/code/obsidian-dev/TaskTimeline/src/core/utils/groupingUtils.ts": {"path":"/home/munolar/code/obsidian-dev/TaskTimeline/src/core/utils/groupingUtils.ts","statementMap":{"0":{"start":{"line":5,"column":4},"end":{"line":14,"column":null}},"1":{"start":{"line":7,"column":12},"end":{"line":7,"column":46}},"2":{"start":{"line":9,"column":12},"end":{"line":9,"column":76}},"3":{"start":{"line":11,"column":12},"end":{"line":11,"column":50}},"4":{"start":{"line":13,"column":12},"end":{"line":13,"column":29}},"5":{"start":{"line":4,"column":0},"end":{"line":4,"column":16}},"6":{"start":{"line":18,"column":4},"end":{"line":20,"column":null}},"7":{"start":{"line":19,"column":8},"end":{"line":19,"column":38}},"8":{"start":{"line":22,"column":45},"end":{"line":22,"column":47}},"9":{"start":{"line":24,"column":4},"end":{"line":31,"column":null}},"10":{"start":{"line":25,"column":27},"end":{"line":25,"column":55}},"11":{"start":{"line":27,"column":8},"end":{"line":29,"column":null}},"12":{"start":{"line":28,"column":12},"end":{"line":28,"column":37}},"13":{"start":{"line":30,"column":8},"end":{"line":30,"column":39}},"14":{"start":{"line":33,"column":4},"end":{"line":33,"column":19}},"15":{"start":{"line":17,"column":0},"end":{"line":17,"column":16}},"16":{"start":{"line":42,"column":4},"end":{"line":44,"column":null}},"17":{"start":{"line":43,"column":8},"end":{"line":43,"column":29}},"18":{"start":{"line":46,"column":25},"end":{"line":46,"column":42}},"19":{"start":{"line":48,"column":4},"end":{"line":51,"column":null}},"20":{"start":{"line":49,"column":27},"end":{"line":49,"column":55}},"21":{"start":{"line":50,"column":8},"end":{"line":50,"column":37}},"22":{"start":{"line":53,"column":29},"end":{"line":53,"column":53}},"23":{"start":{"line":55,"column":4},"end":{"line":57,"column":null}},"24":{"start":{"line":56,"column":8},"end":{"line":56,"column":80}},"25":{"start":{"line":59,"column":4},"end":{"line":67,"column":7}},"26":{"start":{"line":60,"column":8},"end":{"line":62,"column":null}},"27":{"start":{"line":61,"column":12},"end":{"line":61,"column":44}},"28":{"start":{"line":63,"column":8},"end":{"line":65,"column":null}},"29":{"start":{"line":64,"column":12},"end":{"line":64,"column":42}},"30":{"start":{"line":66,"column":8},"end":{"line":66,"column":34}},"31":{"start":{"line":36,"column":0},"end":{"line":36,"column":16}},"32":{"start":{"line":76,"column":30},"end":{"line":76,"column":64}},"33":{"start":{"line":77,"column":29},"end":{"line":77,"column":63}},"34":{"start":{"line":78,"column":26},"end":{"line":78,"column":57}},"35":{"start":{"line":80,"column":4},"end":{"line":87,"column":null}},"36":{"start":{"line":81,"column":8},"end":{"line":86,"column":11}},"37":{"start":{"line":82,"column":12},"end":{"line":84,"column":null}},"38":{"start":{"line":83,"column":16},"end":{"line":83,"column":48}},"39":{"start":{"line":85,"column":12},"end":{"line":85,"column":42}},"40":{"start":{"line":89,"column":36},"end":{"line":89,"column":38}},"41":{"start":{"line":92,"column":4},"end":{"line":96,"column":null}},"42":{"start":{"line":93,"column":8},"end":{"line":95,"column":null}},"43":{"start":{"line":94,"column":12},"end":{"line":94,"column":38}},"44":{"start":{"line":99,"column":22},"end":{"line":99,"column":86}},"45":{"start":{"line":99,"column":55},"end":{"line":99,"column":85}},"46":{"start":{"line":101,"column":4},"end":{"line":128,"column":null}},"47":{"start":{"line":103,"column":32},"end":{"line":111,"column":10}},"48":{"start":{"line":104,"column":12},"end":{"line":106,"column":null}},"49":{"start":{"line":105,"column":16},"end":{"line":105,"column":48}},"50":{"start":{"line":107,"column":12},"end":{"line":109,"column":null}},"51":{"start":{"line":108,"column":16},"end":{"line":108,"column":46}},"52":{"start":{"line":110,"column":12},"end":{"line":110,"column":38}},"53":{"start":{"line":113,"column":8},"end":{"line":127,"column":null}},"54":{"start":{"line":116,"column":30},"end":{"line":116,"column":68}},"55":{"start":{"line":117,"column":31},"end":{"line":122,"column":14}},"56":{"start":{"line":118,"column":16},"end":{"line":120,"column":null}},"57":{"start":{"line":119,"column":20},"end":{"line":119,"column":52}},"58":{"start":{"line":121,"column":16},"end":{"line":121,"column":46}},"59":{"start":{"line":123,"column":12},"end":{"line":123,"column":30}},"60":{"start":{"line":126,"column":12},"end":{"line":126,"column":51}},"61":{"start":{"line":130,"column":4},"end":{"line":130,"column":25}},"62":{"start":{"line":134,"column":29},"end":{"line":139,"column":5}},"63":{"start":{"line":135,"column":8},"end":{"line":135,"column":47}},"64":{"start":{"line":135,"column":37},"end":{"line":135,"column":47}},"65":{"start":{"line":137,"column":22},"end":{"line":137,"column":56}},"66":{"start":{"line":138,"column":8},"end":{"line":138,"column":51}},"67":{"start":{"line":141,"column":22},"end":{"line":141,"column":41}},"68":{"start":{"line":142,"column":22},"end":{"line":142,"column":41}},"69":{"start":{"line":144,"column":4},"end":{"line":144,"column":55}},"70":{"start":{"line":144,"column":46},"end":{"line":144,"column":55}},"71":{"start":{"line":145,"column":4},"end":{"line":145,"column":35}},"72":{"start":{"line":145,"column":26},"end":{"line":145,"column":35}},"73":{"start":{"line":146,"column":4},"end":{"line":146,"column":36}},"74":{"start":{"line":146,"column":26},"end":{"line":146,"column":36}},"75":{"start":{"line":148,"column":4},"end":{"line":148,"column":33}},"76":{"start":{"line":152,"column":24},"end":{"line":155,"column":6}},"77":{"start":{"line":157,"column":19},"end":{"line":157,"column":41}},"78":{"start":{"line":158,"column":19},"end":{"line":158,"column":41}},"79":{"start":{"line":160,"column":4},"end":{"line":162,"column":null}},"80":{"start":{"line":161,"column":8},"end":{"line":161,"column":31}},"81":{"start":{"line":164,"column":4},"end":{"line":164,"column":49}},"82":{"start":{"line":164,"column":40},"end":{"line":164,"column":49}},"83":{"start":{"line":165,"column":4},"end":{"line":165,"column":50}},"84":{"start":{"line":165,"column":40},"end":{"line":165,"column":50}},"85":{"start":{"line":167,"column":4},"end":{"line":167,"column":30}}},"fnMap":{"0":{"name":"getGroupValue","decl":{"start":{"line":4,"column":16},"end":{"line":4,"column":29}},"loc":{"start":{"line":4,"column":58},"end":{"line":15,"column":1}}},"1":{"name":"groupTasks","decl":{"start":{"line":17,"column":16},"end":{"line":17,"column":26}},"loc":{"start":{"line":17,"column":58},"end":{"line":34,"column":1}}},"2":{"name":"generateAvailableGroups","decl":{"start":{"line":36,"column":16},"end":{"line":36,"column":39}},"loc":{"start":{"line":40,"column":22},"end":{"line":68,"column":1}}},"3":{"name":"(anonymous_3)","decl":{"start":{"line":59,"column":33},"end":{"line":59,"column":34}},"loc":{"start":{"line":59,"column":42},"end":{"line":67,"column":5}}},"4":{"name":"getStableOrder","decl":{"start":{"line":70,"column":9},"end":{"line":70,"column":23}},"loc":{"start":{"line":74,"column":19},"end":{"line":131,"column":1}}},"5":{"name":"(anonymous_5)","decl":{"start":{"line":81,"column":37},"end":{"line":81,"column":38}},"loc":{"start":{"line":81,"column":46},"end":{"line":86,"column":9}}},"6":{"name":"(anonymous_6)","decl":{"start":{"line":99,"column":46},"end":{"line":99,"column":51}},"loc":{"start":{"line":99,"column":55},"end":{"line":99,"column":85}}},"7":{"name":"(anonymous_7)","decl":{"start":{"line":103,"column":47},"end":{"line":103,"column":48}},"loc":{"start":{"line":103,"column":56},"end":{"line":111,"column":9}}},"8":{"name":"(anonymous_8)","decl":{"start":{"line":117,"column":46},"end":{"line":117,"column":47}},"loc":{"start":{"line":117,"column":55},"end":{"line":122,"column":13}}},"9":{"name":"sortPriorityGroups","decl":{"start":{"line":133,"column":9},"end":{"line":133,"column":27}},"loc":{"start":{"line":133,"column":48},"end":{"line":149,"column":1}}},"10":{"name":"(anonymous_10)","decl":{"start":{"line":134,"column":29},"end":{"line":134,"column":30}},"loc":{"start":{"line":134,"column":55},"end":{"line":139,"column":5}}},"11":{"name":"sortStatusGroups","decl":{"start":{"line":151,"column":9},"end":{"line":151,"column":25}},"loc":{"start":{"line":151,"column":46},"end":{"line":168,"column":1}}}},"branchMap":{"0":{"loc":{"start":{"line":5,"column":4},"end":{"line":14,"column":null}},"type":"switch","locations":[{"start":{"line":6,"column":8},"end":{"line":7,"column":46}},{"start":{"line":8,"column":8},"end":{"line":9,"column":76}},{"start":{"line":10,"column":8},"end":{"line":11,"column":50}},{"start":{"line":12,"column":8},"end":{"line":13,"column":29}}]},"1":{"loc":{"start":{"line":7,"column":19},"end":{"line":7,"column":45}},"type":"binary-expr","locations":[{"start":{"line":7,"column":19},"end":{"line":7,"column":30}},{"start":{"line":7,"column":34},"end":{"line":7,"column":45}}]},"2":{"loc":{"start":{"line":9,"column":19},"end":{"line":9,"column":75}},"type":"cond-expr","locations":[{"start":{"line":9,"column":35},"end":{"line":9,"column":59}},{"start":{"line":9,"column":62},"end":{"line":9,"column":75}}]},"3":{"loc":{"start":{"line":11,"column":19},"end":{"line":11,"column":49}},"type":"binary-expr","locations":[{"start":{"line":11,"column":19},"end":{"line":11,"column":32}},{"start":{"line":11,"column":36},"end":{"line":11,"column":49}}]},"4":{"loc":{"start":{"line":18,"column":4},"end":{"line":20,"column":null}},"type":"if","locations":[{"start":{"line":18,"column":4},"end":{"line":20,"column":null}}]},"5":{"loc":{"start":{"line":18,"column":8},"end":{"line":18,"column":38}},"type":"binary-expr","locations":[{"start":{"line":18,"column":8},"end":{"line":18,"column":26}},{"start":{"line":18,"column":30},"end":{"line":18,"column":38}}]},"6":{"loc":{"start":{"line":27,"column":8},"end":{"line":29,"column":null}},"type":"if","locations":[{"start":{"line":27,"column":8},"end":{"line":29,"column":null}}]},"7":{"loc":{"start":{"line":42,"column":4},"end":{"line":44,"column":null}},"type":"if","locations":[{"start":{"line":42,"column":4},"end":{"line":44,"column":null}}]},"8":{"loc":{"start":{"line":42,"column":8},"end":{"line":42,"column":38}},"type":"binary-expr","locations":[{"start":{"line":42,"column":8},"end":{"line":42,"column":26}},{"start":{"line":42,"column":30},"end":{"line":42,"column":38}}]},"9":{"loc":{"start":{"line":55,"column":4},"end":{"line":57,"column":null}},"type":"if","locations":[{"start":{"line":55,"column":4},"end":{"line":57,"column":null}}]},"10":{"loc":{"start":{"line":55,"column":8},"end":{"line":55,"column":31}},"type":"binary-expr","locations":[{"start":{"line":55,"column":8},"end":{"line":55,"column":18}},{"start":{"line":55,"column":22},"end":{"line":55,"column":31}}]},"11":{"loc":{"start":{"line":60,"column":8},"end":{"line":62,"column":null}},"type":"if","locations":[{"start":{"line":60,"column":8},"end":{"line":62,"column":null}}]},"12":{"loc":{"start":{"line":63,"column":8},"end":{"line":65,"column":null}},"type":"if","locations":[{"start":{"line":63,"column":8},"end":{"line":65,"column":null}}]},"13":{"loc":{"start":{"line":76,"column":30},"end":{"line":76,"column":64}},"type":"binary-expr","locations":[{"start":{"line":76,"column":30},"end":{"line":76,"column":58}},{"start":{"line":76,"column":62},"end":{"line":76,"column":64}}]},"14":{"loc":{"start":{"line":77,"column":29},"end":{"line":77,"column":63}},"type":"binary-expr","locations":[{"start":{"line":77,"column":29},"end":{"line":77,"column":57}},{"start":{"line":77,"column":61},"end":{"line":77,"column":63}}]},"15":{"loc":{"start":{"line":78,"column":26},"end":{"line":78,"column":57}},"type":"binary-expr","locations":[{"start":{"line":78,"column":26},"end":{"line":78,"column":51}},{"start":{"line":78,"column":55},"end":{"line":78,"column":57}}]},"16":{"loc":{"start":{"line":80,"column":4},"end":{"line":87,"column":null}},"type":"if","locations":[{"start":{"line":80,"column":4},"end":{"line":87,"column":null}}]},"17":{"loc":{"start":{"line":80,"column":8},"end":{"line":80,"column":86}},"type":"binary-expr","locations":[{"start":{"line":80,"column":9},"end":{"line":80,"column":29}},{"start":{"line":80,"column":33},"end":{"line":80,"column":55}},{"start":{"line":80,"column":60},"end":{"line":80,"column":86}}]},"18":{"loc":{"start":{"line":82,"column":12},"end":{"line":84,"column":null}},"type":"if","locations":[{"start":{"line":82,"column":12},"end":{"line":84,"column":null}}]},"19":{"loc":{"start":{"line":93,"column":8},"end":{"line":95,"column":null}},"type":"if","locations":[{"start":{"line":93,"column":8},"end":{"line":95,"column":null}}]},"20":{"loc":{"start":{"line":101,"column":4},"end":{"line":128,"column":null}},"type":"if","locations":[{"start":{"line":101,"column":4},"end":{"line":128,"column":null}}]},"21":{"loc":{"start":{"line":104,"column":12},"end":{"line":106,"column":null}},"type":"if","locations":[{"start":{"line":104,"column":12},"end":{"line":106,"column":null}}]},"22":{"loc":{"start":{"line":107,"column":12},"end":{"line":109,"column":null}},"type":"if","locations":[{"start":{"line":107,"column":12},"end":{"line":109,"column":null}}]},"23":{"loc":{"start":{"line":113,"column":8},"end":{"line":127,"column":null}},"type":"if","locations":[{"start":{"line":113,"column":8},"end":{"line":127,"column":null}},{"start":{"line":124,"column":15},"end":{"line":127,"column":null}}]},"24":{"loc":{"start":{"line":113,"column":12},"end":{"line":113,"column":58}},"type":"binary-expr","locations":[{"start":{"line":113,"column":12},"end":{"line":113,"column":32}},{"start":{"line":113,"column":36},"end":{"line":113,"column":58}}]},"25":{"loc":{"start":{"line":118,"column":16},"end":{"line":120,"column":null}},"type":"if","locations":[{"start":{"line":118,"column":16},"end":{"line":120,"column":null}}]},"26":{"loc":{"start":{"line":135,"column":8},"end":{"line":135,"column":47}},"type":"if","locations":[{"start":{"line":135,"column":8},"end":{"line":135,"column":47}}]},"27":{"loc":{"start":{"line":138,"column":15},"end":{"line":138,"column":50}},"type":"cond-expr","locations":[{"start":{"line":138,"column":23},"end":{"line":138,"column":45}},{"start":{"line":138,"column":48},"end":{"line":138,"column":50}}]},"28":{"loc":{"start":{"line":144,"column":4},"end":{"line":144,"column":55}},"type":"if","locations":[{"start":{"line":144,"column":4},"end":{"line":144,"column":55}}]},"29":{"loc":{"start":{"line":144,"column":8},"end":{"line":144,"column":44}},"type":"binary-expr","locations":[{"start":{"line":144,"column":8},"end":{"line":144,"column":24}},{"start":{"line":144,"column":28},"end":{"line":144,"column":44}}]},"30":{"loc":{"start":{"line":145,"column":4},"end":{"line":145,"column":35}},"type":"if","locations":[{"start":{"line":145,"column":4},"end":{"line":145,"column":35}}]},"31":{"loc":{"start":{"line":146,"column":4},"end":{"line":146,"column":36}},"type":"if","locations":[{"start":{"line":146,"column":4},"end":{"line":146,"column":36}}]},"32":{"loc":{"start":{"line":160,"column":4},"end":{"line":162,"column":null}},"type":"if","locations":[{"start":{"line":160,"column":4},"end":{"line":162,"column":null}}]},"33":{"loc":{"start":{"line":160,"column":8},"end":{"line":160,"column":38}},"type":"binary-expr","locations":[{"start":{"line":160,"column":8},"end":{"line":160,"column":21}},{"start":{"line":160,"column":25},"end":{"line":160,"column":38}}]},"34":{"loc":{"start":{"line":164,"column":4},"end":{"line":164,"column":49}},"type":"if","locations":[{"start":{"line":164,"column":4},"end":{"line":164,"column":49}}]},"35":{"loc":{"start":{"line":164,"column":8},"end":{"line":164,"column":38}},"type":"binary-expr","locations":[{"start":{"line":164,"column":8},"end":{"line":164,"column":21}},{"start":{"line":164,"column":25},"end":{"line":164,"column":38}}]},"36":{"loc":{"start":{"line":165,"column":4},"end":{"line":165,"column":50}},"type":"if","locations":[{"start":{"line":165,"column":4},"end":{"line":165,"column":50}}]},"37":{"loc":{"start":{"line":165,"column":8},"end":{"line":165,"column":38}},"type":"binary-expr","locations":[{"start":{"line":165,"column":8},"end":{"line":165,"column":21}},{"start":{"line":165,"column":25},"end":{"line":165,"column":38}}]}},"s":{"0":8080,"1":2520,"2":2520,"3":3040,"4":0,"5":4,"6":148,"7":131,"8":17,"9":17,"10":2200,"11":2200,"12":76,"13":2200,"14":17,"15":4,"16":44,"17":11,"18":33,"19":33,"20":5880,"21":5880,"22":33,"23":33,"24":27,"25":6,"26":24,"27":2,"28":22,"29":3,"30":19,"31":4,"32":27,"33":27,"34":27,"35":27,"36":18,"37":150,"38":72,"39":78,"40":9,"41":9,"42":0,"43":0,"44":9,"45":54,"46":9,"47":9,"48":93,"49":0,"50":93,"51":0,"52":93,"53":9,"54":0,"55":0,"56":0,"57":0,"58":0,"59":0,"60":9,"61":9,"62":74,"63":148,"64":0,"65":148,"66":148,"67":74,"68":74,"69":74,"70":0,"71":74,"72":0,"73":74,"74":0,"75":74,"76":81,"77":81,"78":81,"79":81,"80":54,"81":27,"82":9,"83":18,"84":15,"85":3},"f":{"0":8080,"1":148,"2":44,"3":24,"4":27,"5":150,"6":54,"7":93,"8":0,"9":74,"10":148,"11":81},"b":{"0":[2520,2520,3040,0],"1":[2520,0],"2":[2520,0],"3":[3040,0],"4":[131],"5":[148,17],"6":[76],"7":[11],"8":[44,33],"9":[27],"10":[33,33],"11":[2],"12":[3],"13":[27,27],"14":[27,27],"15":[27,27],"16":[18],"17":[27,18,18],"18":[72],"19":[0],"20":[9],"21":[0],"22":[0],"23":[0,9],"24":[9,9],"25":[0],"26":[0],"27":[148,0],"28":[0],"29":[74,0],"30":[0],"31":[0],"32":[54],"33":[81,69],"34":[9],"35":[27,12],"36":[15],"37":[18,15]}}
,"/home/munolar/code/obsidian-dev/TaskTimeline/src/core/utils/minimapUtils.ts": {"path":"/home/munolar/code/obsidian-dev/TaskTimeline/src/core/utils/minimapUtils.ts","statementMap":{"0":{"start":{"line":1,"column":0},"end":{"line":1,"column":48}},"1":{"start":{"line":18,"column":4},"end":{"line":21,"column":null}},"2":{"start":{"line":20,"column":8},"end":{"line":20,"column":18}},"3":{"start":{"line":23,"column":4},"end":{"line":25,"column":null}},"4":{"start":{"line":24,"column":8},"end":{"line":24,"column":18}},"5":{"start":{"line":27,"column":23},"end":{"line":27,"column":96}},"6":{"start":{"line":28,"column":23},"end":{"line":28,"column":48}},"7":{"start":{"line":30,"column":4},"end":{"line":57,"column":null}},"8":{"start":{"line":31,"column":8},"end":{"line":31,"column":34}},"9":{"start":{"line":31,"column":25},"end":{"line":31,"column":34}},"10":{"start":{"line":33,"column":8},"end":{"line":56,"column":null}},"11":{"start":{"line":34,"column":30},"end":{"line":34,"column":50}},"12":{"start":{"line":35,"column":12},"end":{"line":35,"column":53}},"13":{"start":{"line":35,"column":44},"end":{"line":35,"column":53}},"14":{"start":{"line":37,"column":28},"end":{"line":37,"column":69}},"15":{"start":{"line":38,"column":12},"end":{"line":40,"column":null}},"16":{"start":{"line":39,"column":16},"end":{"line":39,"column":53}},"17":{"start":{"line":42,"column":39},"end":{"line":42,"column":62}},"18":{"start":{"line":43,"column":12},"end":{"line":43,"column":60}},"19":{"start":{"line":45,"column":12},"end":{"line":45,"column":84}},"20":{"start":{"line":45,"column":75},"end":{"line":45,"column":84}},"21":{"start":{"line":46,"column":12},"end":{"line":53,"column":null}},"22":{"start":{"line":47,"column":36},"end":{"line":47,"column":74}},"23":{"start":{"line":48,"column":34},"end":{"line":48,"column":73}},"24":{"start":{"line":50,"column":16},"end":{"line":52,"column":null}},"25":{"start":{"line":51,"column":20},"end":{"line":51,"column":84}},"26":{"start":{"line":55,"column":12},"end":{"line":55,"column":21}},"27":{"start":{"line":59,"column":4},"end":{"line":62,"column":8}},"28":{"start":{"line":59,"column":40},"end":{"line":62,"column":6}},"29":{"start":{"line":9,"column":0},"end":{"line":9,"column":16}},"30":{"start":{"line":66,"column":30},"end":{"line":66,"column":32}},"31":{"start":{"line":67,"column":22},"end":{"line":67,"column":45}},"32":{"start":{"line":69,"column":4},"end":{"line":69,"column":68}},"33":{"start":{"line":70,"column":30},"end":{"line":70,"column":81}},"34":{"start":{"line":72,"column":4},"end":{"line":83,"column":null}},"35":{"start":{"line":73,"column":26},"end":{"line":73,"column":65}},"36":{"start":{"line":74,"column":8},"end":{"line":74,"column":32}},"37":{"start":{"line":76,"column":25},"end":{"line":76,"column":67}},"38":{"start":{"line":78,"column":8},"end":{"line":80,"column":null}},"39":{"start":{"line":79,"column":12},"end":{"line":79,"column":18}},"40":{"start":{"line":82,"column":8},"end":{"line":82,"column":31}},"41":{"start":{"line":85,"column":4},"end":{"line":85,"column":19}},"42":{"start":{"line":89,"column":23},"end":{"line":89,"column":37}},"43":{"start":{"line":91,"column":4},"end":{"line":105,"column":null}},"44":{"start":{"line":93,"column":12},"end":{"line":93,"column":47}},"45":{"start":{"line":94,"column":12},"end":{"line":94,"column":18}},"46":{"start":{"line":96,"column":12},"end":{"line":96,"column":47}},"47":{"start":{"line":97,"column":12},"end":{"line":97,"column":72}},"48":{"start":{"line":98,"column":12},"end":{"line":98,"column":18}},"49":{"start":{"line":100,"column":12},"end":{"line":100,"column":47}},"50":{"start":{"line":101,"column":12},"end":{"line":101,"column":37}},"51":{"start":{"line":102,"column":12},"end":{"line":102,"column":18}},"52":{"start":{"line":104,"column":12},"end":{"line":104,"column":47}},"53":{"start":{"line":107,"column":4},"end":{"line":107,"column":22}},"54":{"start":{"line":111,"column":17},"end":{"line":111,"column":31}},"55":{"start":{"line":113,"column":4},"end":{"line":125,"column":null}},"56":{"start":{"line":115,"column":12},"end":{"line":115,"column":51}},"57":{"start":{"line":116,"column":12},"end":{"line":116,"column":18}},"58":{"start":{"line":118,"column":12},"end":{"line":118,"column":51}},"59":{"start":{"line":119,"column":12},"end":{"line":119,"column":18}},"60":{"start":{"line":121,"column":12},"end":{"line":121,"column":53}},"61":{"start":{"line":122,"column":12},"end":{"line":122,"column":18}},"62":{"start":{"line":124,"column":12},"end":{"line":124,"column":51}},"63":{"start":{"line":127,"column":4},"end":{"line":127,"column":16}},"64":{"start":{"line":131,"column":23},"end":{"line":131,"column":65}},"65":{"start":{"line":132,"column":4},"end":{"line":132,"column":50}},"66":{"start":{"line":141,"column":24},"end":{"line":141,"column":62}},"67":{"start":{"line":142,"column":22},"end":{"line":142,"column":61}},"68":{"start":{"line":144,"column":30},"end":{"line":144,"column":96}},"69":{"start":{"line":145,"column":28},"end":{"line":145,"column":92}},"70":{"start":{"line":146,"column":23},"end":{"line":146,"column":114}},"71":{"start":{"line":147,"column":4},"end":{"line":147,"column":46}},"72":{"start":{"line":151,"column":4},"end":{"line":151,"column":60}},"73":{"start":{"line":155,"column":22},"end":{"line":155,"column":43}},"74":{"start":{"line":157,"column":4},"end":{"line":172,"column":null}},"75":{"start":{"line":159,"column":12},"end":{"line":159,"column":51}},"76":{"start":{"line":160,"column":12},"end":{"line":160,"column":18}},"77":{"start":{"line":162,"column":12},"end":{"line":162,"column":63}},"78":{"start":{"line":163,"column":12},"end":{"line":163,"column":51}},"79":{"start":{"line":164,"column":12},"end":{"line":164,"column":18}},"80":{"start":{"line":166,"column":12},"end":{"line":166,"column":65}},"81":{"start":{"line":167,"column":12},"end":{"line":167,"column":36}},"82":{"start":{"line":168,"column":12},"end":{"line":168,"column":51}},"83":{"start":{"line":169,"column":12},"end":{"line":169,"column":18}},"84":{"start":{"line":171,"column":12},"end":{"line":171,"column":51}},"85":{"start":{"line":174,"column":4},"end":{"line":174,"column":21}}},"fnMap":{"0":{"name":"generateMinimapData","decl":{"start":{"line":9,"column":16},"end":{"line":9,"column":35}},"loc":{"start":{"line":15,"column":23},"end":{"line":63,"column":1}}},"1":{"name":"(anonymous_1)","decl":{"start":{"line":59,"column":26},"end":{"line":59,"column":35}},"loc":{"start":{"line":59,"column":40},"end":{"line":62,"column":6}}},"2":{"name":"generateTimePeriods","decl":{"start":{"line":65,"column":9},"end":{"line":65,"column":28}},"loc":{"start":{"line":65,"column":87},"end":{"line":86,"column":1}}},"3":{"name":"normalizeToTimePeriodStart","decl":{"start":{"line":88,"column":9},"end":{"line":88,"column":35}},"loc":{"s
[...]
nd":{"line":229,"column":37}},"118":{"start":{"line":230,"column":12},"end":{"line":230,"column":18}},"119":{"start":{"line":232,"column":12},"end":{"line":232,"column":47}},"120":{"start":{"line":235,"column":4},"end":{"line":235,"column":22}},"121":{"start":{"line":239,"column":17},"end":{"line":239,"column":31}},"122":{"start":{"line":241,"column":4},"end":{"line":253,"column":null}},"123":{"start":{"line":243,"column":12},"end":{"line":243,"column":51}},"124":{"start":{"line":244,"column":12},"end":{"line":244,"column":18}},"125":{"start":{"line":246,"column":12},"end":{"line":246,"column":51}},"126":{"start":{"line":247,"column":12},"end":{"line":247,"column":18}},"127":{"start":{"line":249,"column":12},"end":{"line":249,"column":53}},"128":{"start":{"line":250,"column":12},"end":{"line":250,"column":18}},"129":{"start":{"line":252,"column":12},"end":{"line":252,"column":51}},"130":{"start":{"line":255,"column":4},"end":{"line":255,"column":16}},"131":{"start":{"line":259,"column":23},"end":{"line":259,"column":65}},"132":{"start":{"line":260,"column":4},"end":{"line":260,"column":50}},"133":{"start":{"line":269,"column":24},"end":{"line":269,"column":62}},"134":{"start":{"line":270,"column":22},"end":{"line":270,"column":61}},"135":{"start":{"line":272,"column":30},"end":{"line":272,"column":96}},"136":{"start":{"line":273,"column":28},"end":{"line":273,"column":92}},"137":{"start":{"line":274,"column":23},"end":{"line":274,"column":114}},"138":{"start":{"line":275,"column":4},"end":{"line":275,"column":46}},"139":{"start":{"line":279,"column":22},"end":{"line":279,"column":43}},"140":{"start":{"line":281,"column":4},"end":{"line":296,"column":null}},"141":{"start":{"line":283,"column":12},"end":{"line":283,"column":51}},"142":{"start":{"line":284,"column":12},"end":{"line":284,"column":18}},"143":{"start":{"line":286,"column":12},"end":{"line":286,"column":63}},"144":{"start":{"line":287,"column":12},"end":{"line":287,"column":51}},"145":{"start":{"line":288,"column":12},"end":{"line":288,"column":18}},"146":{"start":{"line":290,"column":12},"end":{"line":290,"column":65}},"147":{"start":{"line":291,"column":12},"end":{"line":291,"column":36}},"148":{"start":{"line":292,"column":12},"end":{"line":292,"column":51}},"149":{"start":{"line":293,"column":12},"end":{"line":293,"column":18}},"150":{"start":{"line":295,"column":12},"end":{"line":295,"column":51}},"151":{"start":{"line":298,"column":4},"end":{"line":298,"column":21}}},"fnMap":{"0":{"name":"calculateDefaultViewport","decl":{"start":{"line":3,"column":16},"end":{"line":3,"column":40}},"loc":{"start":{"line":3,"column":107},"end":{"line":59,"column":1}}},"1":{"name":"validateDateRange","decl":{"start":{"line":62,"column":16},"end":{"line":62,"column":33}},"loc":{"start":{"line":62,"column":66},"end":{"line":70,"column":1}}},"2":{"name":"clampToDateRange","decl":{"start":{"line":72,"column":16},"end":{"line":72,"column":32}},"loc":{"start":{"line":72,"column":79},"end":{"line":80,"column":1}}},"3":{"name":"snapViewportToTimeUnit","decl":{"start":{"line":82,"column":16},"end":{"line":82,"column":38}},"loc":{"start":{"line":82,"column":137},"end":{"line":133,"column":1}}},"4":{"name":"generateTimeMarkers","decl":{"start":{"line":135,"column":16},"end":{"line":135,"column":35}},"loc":{"start":{"line":135,"column":86},"end":{"line":144,"column":1}}},"5":{"name":"(anonymous_5)","decl":{"start":{"line":141,"column":23},"end":{"line":141,"column":32}},"loc":{"start":{"line":141,"column":35},"end":{"line":143,"column":5}}},"6":{"name":"generateTimeMarkersWithMetadata","decl":{"start":{"line":146,"column":16},"end":{"line":146,"column":47}},"loc":{"start":{"line":146,"column":98},"end":{"line":189,"column":1}}},"7":{"name":"(anonymous_7)","decl":{"start":{"line":152,"column":27},"end":{"line":152,"column":36}},"loc":{"start":{"line":152,"column":39},"end":{"line":159,"column":9}}},"8":{"name":"generateTimePeriods","decl":{"start":{"line":190,"column":9},"end":{"line":190,"column":28}},"loc":{"start":{"line":190,"column":87},"end":{"line":211,"column":1}}},"9":{"name":"normalizeToTimePeriodStart","decl":{"start":{"line":213,"column":9},"end":{"line":213,"column":35}},"loc":{"start":{"line":213,"column":64},"end":{"line":236,"column":1}}},"10":{"name":"advanceToNextPeriod","decl":{"start":{"line":238,"column":9},"end":{"line":238,"column":28}},"loc":{"start":{"line":238,"column":57},"end":{"line":256,"column":1}}},"11":{"name":"getTimePeriodKey","decl":{"start":{"line":258,"column":9},"end":{"line":258,"column":25}},"loc":{"start":{"line":258,"column":54},"end":{"line":261,"column":1}}},"12":{"name":"getTimePeriodMidpointWithinRange","decl":{"start":{"line":263,"column":9},"end":{"line":263,"column":41}},"loc":{"start":{"line":267,"column":23},"end":{"line":276,"column":1}}},"13":{"name":"getTimePeriodEnd","decl":{"start":{"line":278,"column":9},"end":{"line":278,"column":25}},"loc":{"start":{"line":278,"column":61},"end":{"line":299,"column":1}}}},"branchMap":{"0":{"loc":{"start":{"line":3,"column":80},"end":{"line":3,"column":107}},"type":"default-arg","locations":[{"start":{"line":3,"column":106},"end":{"line":3,"column":107}}]},"1":{"loc":{"start":{"line":9,"column":4},"end":{"line":20,"column":null}},"type":"if","locations":[{"start":{"line":9,"column":4},"end":{"line":20,"column":null}},{"start":{"line":16,"column":11},"end":{"line":20,"column":null}}]},"2":{"loc":{"start":{"line":9,"column":8},"end":{"line":9,"column":63}},"type":"binary-expr","locations":[{"start":{"line":9,"column":8},"end":{"line":9,"column":33}},{"start":{"line":9,"column":37},"end":{"line":9,"column":63}}]},"3":{"loc":{"start":{"line":14,"column":29},"end":{"line":14,"column":64}},"type":"cond-expr","locations":[{"start":{"line":14,"column":47},"end":{"line":14,"column":48}},{"start":{"line":14,"column":51},"end":{"line":14,"column":64}}]},"4":{"loc":{"start":{"line":26,"column":4},"end":{"line":58,"column":null}},"type":"switch","locations":[{"start":{"line":27,"column":8},"end":{"line":35,"column":null}},{"start":{"line":36,"column":8},"end":{"line":44,"column":null}},{"start":{"line":45,"column":8},"end":{"line":55,"column":null}},{"start":{"line":56,"column":8},"end":{"line":57,"column":88}}]},"5":{"loc":{"start":{"line":66,"column":15},"end":{"line":66,"column":74}},"type":"binary-expr","locations":[{"start":{"line":66,"column":15},"end":{"line":66,"column":36}},{"start":{"line":66,"column":40},"end":{"line":66,"column":61}},{"start":{"line":66,"column":65},"end":{"line":66,"column":74}}]},"6":{"loc":{"start":{"line":77,"column":4},"end":{"line":77,"column":47}},"type":"if","locations":[{"start":{"line":77,"column":4},"end":{"line":77,"column":47}}]},"7":{"loc":{"start":{"line":78,"column":4},"end":{"line":78,"column":47}},"type":"if","locations":[{"start":{"line":78,"column":4},"end":{"line":78,"column":47}}]},"8":{"loc":{"start":{"line":88,"column":4},"end":{"line":127,"column":null}},"type":"if","locations":[{"start":{"line":88,"column":4},"end":{"line":127,"column":null}},{"start":{"line":112,"column":11},"end":{"line":127,"column":null}}]},"9":{"loc":{"start":{"line":88,"column":8},"end":{"line":88,"column":63}},"type":"binary-expr","locations":[{"start":{"line":88,"column":8},"end":{"line":88,"column":33}},{"start":{"line":88,"column":37},"end":{"line":88,"column":63}}]},"10":{"loc":{"start":{"line":93,"column":32},"end":{"line":93,"column":73}},"type":"cond-expr","locations":[{"start":{"line":93,"column":53},"end":{"line":93,"column":54}},{"start":{"line":93,"column":57},"end":{"line":93,"column":73}}]},"11":{"loc":{"start":{"line":97,"column":8},"end":{"line":111,"column":null}},"type":"if","locations":[{"start":{"line":97,"column":8},"end":{"line":111,"column":null}},{"start":{"line":106,"column":15},"end":{"line":111,"column":null}}]},"12":{"loc":{"start":{"line":99,"column":12},"end":{"line":105,"column":null}},"type":"if","locations":[{"start":{"line":99,"column":12},"end":{"line":105,"column":null}},{"start":{"line":102,"column":19},"end":{"line":105,"column":null}}]},"13":{"loc":{"start":{"line":116,"column":8},"end":{"line":126,"column":null}},"type":"if","locations":[{"start":{"line":116,"column":8},"end":{"line":126,"column":null}},{"start":{"line":122,"column":15},"end":{"line":126,"column":null}}]},"14":{"loc":{"start":{"line":150,"column":4},"end":{"line":188,"column":null}},"type":"if","locations":[{"start":{"line":150,"column":4},"end":{"line":188,"column":null}},{"start":{"line":160,"column":11},"end":{"line":188,"column":null}}]},"15":{"loc":{"start":{"line":157,"column":22},"end":{"line":157,"column":57}},"type":"cond-expr","locations":[{"start":{"line":157,"column":34},"end":{"line":157,"column":46}},{"start":{"line":157,"column":49},"end":{"line":157,"column":57}}]},"16":{"loc":{"start":{"line":167,"column":29},"end":{"line":167,"column":64}},"type":"cond-expr","locations":[{"start":{"line":167,"column":47},"end":{"line":167,"column":48}},{"start":{"line":167,"column":51},"end":{"line":167,"column":64}}]},"17":{"loc":{"start":{"line":180,"column":22},"end":{"line":180,"column":64}},"type":"cond-expr","locations":[{"start":{"line":180,"column":41},"end":{"line":180,"column":53}},{"start":{"line":180,"column":56},"end":{"line":180,"column":64}}]},"18":{"loc":{"start":{"line":203,"column":8},"end":{"line":205,"column":null}},"type":"if","locations":[{"start":{"line":203,"column":8},"end":{"line":205,"column":null}}]},"19":{"loc":{"start":{"line":203,"column":12},"end":{"line":203,"column":61}},"type":"binary-expr","locations":[{"start":{"line":203,"column":12},"end":{"line":203,"column":35}},{"start":{"line":203,"column":39},"end":{"line":203,"column":61}}]},"20":{"loc":{"start":{"line":216,"column":4},"end":{"line":233,"column":null}},"type":"switch","locations":[{"start":{"line":217,"column":8},"end":{"line":219,"column":18}},{"start":{"line":220,"column":8},"end":{"line":226,"column":18}},{"start":{"line":227,"column":8},"end":{"line":230,"column":18}},{"start":{"line":231,"column":8},"end":{"line":232,"column":47}}]},"21":{"loc":{"start":{"line":224,"column":33},"end":{"line":224,"column":68}},"type":"cond-expr","locations":[{"start":{"line":224,"column":51},"end":{"line":224,"column":52}},{"start":{"line":224,"column":55},"end":{"line":224,"column":68}}]},"22":{"loc":{"start":{"line":241,"column":4},"end":{"line":253,"column":null}},"type":"switch","locations":[{"start":{"line":242,"column":8},"end":{"line":244,"column":18}},{"start":{"line":245,"column":8},"end":{"line":247,"column":18}},{"start":{"line":248,"column":8},"end":{"line":250,"column":18}},{"start":{"line":251,"column":8},"end":{"line":252,"column":51}}]},"23":{"loc":{"start":{"line":281,"column":4},"end":{"line":296,"column":null}},"type":"switch","locations":[{"start":{"line":282,"column":8},"end":{"line":284,"column":18}},{"start":{"line":285,"column":8},"end":{"line":288,"column":18}},{"start":{"line":289,"column":8},"end":{"line":293,"column":18}},{"start":{"line":294,"column":8},"end":{"line":295,"column":51}}]}},"s":{"0":1,"1":0,"2":0,"3":0,"4":0,"5":0,"6":0,"7":0,"8":0,"9":0,"10":0,"11":0,"12":0,"13":0,"14":0,"15":0,"16":0,"17":0,"18":0,"19":0,"20":0,"21":0,"22":0,"23":0,"24":0,"25":0,"26":1,"27":0,"28":0,"29":0,"30":0,"31":0,"32":1,"33":0,"34":0,"35":0,"36":0,"37":0,"38":0,"39":0,"40":0,"41":1,"42":3,"43":3,"44":2,"45":2,"46":2,"47":2,"48":2,"49":2,"50":2,"51":2,"52":1,"53":1,"54":0,"55":0,"56":0,"57":1,"58":1,"59":1,"60":1,"61":1,"62":1,"63":0,"64":0,"65":3,"66":1,"67":0,"68":0,"69":0,"70":0,"71":0,"72":1,"73":3,"74":3,"75":3,"76":1,"77":1,"78":5,"79":5,"80":5,"81":2,"82":2,"83":2,"84":2,"85":2,"86":2,"87":2,"88":2,"89":9,"90":9,"91":9,"92":9,"93":2,"94":1,"95":1,"96":1,"97":1,"98":1,"99":1,"100":5,"101":5,"102":5,"103":5,"104":0,"105":5,"106":1,"107":8,"108":8,"109":0,"110":0,"111":0,"112":0,"113":0,"114":0,"115":0,"116":8,"117":8,"118":8,"119":0,"120":8,"121":5,"122":5,"123":0,"124":0,"125":0,"126":0,"127":5,"128":5,"129":0,"130":5,"131":5,"132":5,"133":0,"134":0,"135":0,"136":0,"137":0,"138":0,"139":0,"140":0,"141":0,"142":0,"143":0,"144":0,"145":0,"146":0,"147":0,"148":0,"149":0,"150":0,"151":0},"f":{"0":0,"1":0,"2":0,"3":3,"4":0,"5":0,"6":3,"7":5,"8":1,"9":8,"10":5,"11":5,"12":0,"13":0},"b":{"0":[0],"1":[0,0],"2":[0,0],"3":[0,0],"4":[0,0,0,0],"5":[0,0,0],"6":[0],"7":[0],"8":[2,1],"9":[3,2],"10":[0,2],"11":[2,0],"12":[1,1],"13":[1,0],"14":[1,2],"15":[1,4],"16":[0,2],"17":[2,7],"18":[0],"19":[5,5],"20":[0,0,8,0],"21":[0,0],"22":[0,0,5,0],"23":[0,0,0,0]}}
,"/home/munolar/code/obsidian-dev/TaskTimeline/src/core/utils/updateUtils.ts": {"path":"/home/munolar/code/obsidian-dev/TaskTimeline/src/core/utils/updateUtils.ts","statementMap":{"0":{"start":{"line":4,"column":23},"end":{"line":4,"column":40}},"1":{"start":{"line":5,"column":4},"end":{"line":7,"column":null}},"2":{"start":{"line":6,"column":8},"end":{"line":6,"column":67}},"3":{"start":{"line":3,"column":0},"end":{"line":3,"column":16}},"4":{"start":{"line":11,"column":4},"end":{"line":11,"column":43}},"5":{"start":{"line":12,"column":4},"end":{"line":12,"column":43}},"6":{"start":{"line":14,"column":4},"end":{"line":16,"column":null}},"7":{"start":{"line":15,"column":8},"end":{"line":15,"column":84}},"8":{"start":{"line":10,"column":0},"end":{"line":10,"column":16}},"9":{"start":{"line":25,"column":4},"end":{"line":28,"column":6}},"10":{"start":{"line":19,"column":0},"end":{"line":19,"column":16}}},"fnMap":{"0":{"name":"validateDateString","decl":{"start":{"line":3,"column":16},"end":{"line":3,"column":34}},"loc":{"start":{"line":3,"column":69},"end":{"line":8,"column":1}}},"1":{"name":"validateDateRange","decl":{"start":{"line":10,"column":16},"end":{"line":10,"column":33}},"loc":{"start":{"line":10,"column":66},"end":{"line":17,"column":1}}},"2":{"name":"createStateResult","decl":{"start":{"line":19,"column":16},"end":{"line":19,"column":33}},"loc":{"start":{"line":23,"column":45},"end":{"line":29,"column":1}}}},"branchMap":{"0":{"loc":{"start":{"line":5,"column":4},"end":{"line":7,"column":null}},"type":"if","locations":[{"start":{"line":5,"column":4},"end":{"line":7,"column":null}}]},"1":{"loc":{"start":{"line":14,"column":4},"end":{"line":16,"column":null}},"type":"if","locations":[{"start":{"line":14,"column":4},"end":{"line":16,"column":null}}]},"2":{"loc":{"start":{"line":26,"column":20},"end":{"line":26,"column":92}},"type":"cond-expr","locations":[{"start":{"line":26,"column":39},"end":{"line":26,"column":80}},{"start":{"line":26,"column":82},"end":{"line":26,"column":92}}]},"3":{"loc":{"start":{"line":27,"column":18},"end":{"line":27,"column":82}},"type":"cond-expr","locations":[{"start":{"line":27,"column":35},"end":{"line":27,"column":72}},{"start":{"line":27,"column":74},"end":{"line":27,"column":82}}]}},"s":{"0":43,"1":43,"2":0,"3":2,"4":8,"5":8,"6":8,"7":0,"8":2,"9":35,"10":2},"f":{"0":43,"1":8,"2":35},"b":{"0":[0],"1":[0],"2":[27,8],"3":[8,27]}}
,"/home/munolar/code/obsidian-dev/TaskTimeline/src/enums/TimeUnit.ts": {"path":"/home/munolar/code/obsidian-dev/TaskTimeline/src/enums/TimeUnit.ts","statementMap":{"0":{"start":{"line":1,"column":0},"end":{"line":1,"column":null}},"1":{"start":{"line":2,"column":1},"end":{"line":2,"column":null}},"2":{"start":{"line":3,"column":1},"end":{"line":3,"column":null}},"3":{"start":{"line":4,"column":1},"end":{"line":4,"column":null}}},"fnMap":{"0":{"name":"(anonymous_0)","decl":{"start":{"line":1,"column":0},"end":{"line":1,"column":12}},"loc":{"start":{"line":1,"column":20},"end":{"line":5,"column":1}}}},"branchMap":{"0":{"loc":{"start":{"line":1,"column":12},"end":{"line":1,"column":null}},"type":"binary-expr","locations":[{"start":{"line":1,"column":12},"end":{"line":1,"column":20}},{"start":{"line":1,"column":12},"end":{"line":1,"column":null}}]}},"s":{"0":6,"1":6,"2":6,"3":6},"f":{"0":6},"b":{"0":[6,6]}}
,"/home/munolar/code/obsidian-dev/TaskTimeline/tests/testHelpers.ts": {"path":"/home/munolar/code/obsidian-dev/TaskTimeline/tests/testHelpers.ts","statementMap":{"0":{"start":{"line":3,"column":0},"end":{"line":3,"column":49}},"1":{"start":{"line":6,"column":27},"end":{"line":6,"column":29}},"2":{"start":{"line":7,"column":23},"end":{"line":7,"column":99}},"3":{"start":{"line":8,"column":21},"end":{"line":8,"column":81}},"4":{"start":{"line":9,"column":23},"end":{"line":9,"column":38}},"5":{"start":{"line":11,"column":4},"end":{"line":29,"column":null}},"6":{"start":{"line":11,"column":17},"end":{"line":11,"column":18}},"7":{"start":{"line":12,"column":25},"end":{"line":12,"column":60}},"8":{"start":{"line":13,"column":26},"end":{"line":13,"column":58}},"9":{"start":{"line":14,"column":25},"end":{"line":14,"column":59}},"10":{"start":{"line":15,"column":24},"end":{"line":15,"column":86}},"11":{"start":{"line":17,"column":8},"end":{"line":28,"column":11}},"12":{"start":{"line":31,"column":4},"end":{"line":31,"column":17}},"13":{"start":{"line":5,"column":0},"end":{"line":5,"column":16}},"14":{"start":{"line":35,"column":4},"end":{"line":61,"column":6}},"15":{"start":{"line":34,"column":0},"end":{"line":34,"column":16}},"16":{"start":{"line":65,"column":18},"end":{"line":65,"column":35}},"17":{"start":{"line":66,"column":19},"end":{"line":66,"column":23}},"18":{"start":{"line":67,"column":16},"end":{"line":67,"column":33}},"19":{"start":{"line":68,"column":21},"end":{"line":68,"column":32}},"20":{"start":{"line":70,"column":4},"end":{"line":70,"column":41}},"21":{"start":{"line":72,"column":4},"end":{"line":72,"column":32}},"22":{"start":{"line":64,"column":0},"end":{"line":64,"column":16}},"23":{"start":{"line":76,"column":4},"end":{"line":76,"column":42}},"24":{"start":{"line":77,"column":4},"end":{"line":77,"column":40}},"25":{"start":{"line":78,"column":4},"end":{"line":78,"column":37}},"26":{"start":{"line":79,"column":4},"end":{"line":79,"column":46}},"27":{"start":{"line":80,"column":4},"end":{"line":80,"column":44}},"28":{"start":{"line":81,"column":4},"end":{"line":81,"column":41}},"29":{"start":{"line":82,"column":4},"end":{"line":82,"column":50}},"30":{"start":{"line":83,"column":4},"end":{"line":83,"column":58}},"31":{"start":{"line":84,"column":4},"end":{"line":84,"column":45}},"32":{"start":{"line":75,"column":0},"end":{"line":75,"column":16}}},"fnMap":{"0":{"name":"generateRandomTasks","decl":{"start":{"line":5,"column":16},"end":{"line":5,"column":35}},"loc":{"start":{"line":5,"column":75},"end":{"line":32,"column":1}}},"1":{"name":"createTestAppState","decl":{"start":{"line":34,"column":16},"end":{"line":34,"column":34}},"loc":{"start":{"line":34,"column":90},"end":{"line":62,"column":1}}},"2":{"name":"measurePerformance","decl":{"start":{"line":64,"column":16},"end":{"line":64,"column":34}},"loc":{"start":{"line":64,"column":70},"end":{"line":73,"column":1}}},"3":{"name":"expectValidTaskPosition","decl":{"start":{"line":75,"column":16},"end":{"line":75,"column":39}},"loc":{"start":{"line":75,"column":51},"end":{"line":85,"column":1}}}},"branchMap":{"0":{"loc":{"start":{"line":5,"column":51},"end":{"line":5,"column":75}},"type":"default-arg","locations":[{"start":{"line":5,"column":71},"end":{"line":5,"column":75}}]},"1":{"loc":{"start":{"line":34,"column":35},"end":{"line":34,"column":54}},"type":"default-arg","locations":[{"start":{"line":34,"column":52},"end":{"line":34,"column":54}}]},"2":{"loc":{"start":{"line":34,"column":56},"end":{"line":34,"column":90}},"type":"default-arg","locations":[{"start":{"line":34,"column":88},"end":{"line":34,"column":90}}]},"3":{"loc":{"start":{"line":64,"column":51},"end":{"line":64,"column":70}},"type":"default-arg","locations":[{"start":{"line":64,"column":67},"end":{"line":64,"column":70}}]}},"s":{"0":1,"1":43,"2":43,"3":43,"4":43,"5":43,"6":43,"7":8780,"8":8780,"9":8780,"10":8780,"11":8780,"12":43,"13":1,"14":43,"15":1,"16":9,"17":9,"18":9,"19":9,"20":9,"21":9,"22":1,"23":0,"24":0,"25":0,"26":0,"27":0,"28":0,"29":0,"30":0,"31":0,"32":1},"f":{"0":43,"1":43,"2":9,"3":0},"b":{"0":[43],"1":[0],"2":[0],"3":[0]}}
}
