TN:
SF:src/core/update/updateBoardGrouping.ts
FN:5,updateBoardGrouping
FN:21,getGroupingOptions
FN:25,getGroupingLabel
FNF:3
FNH:1
FNDA:44,updateBoardGrouping
FNDA:0,getGroupingOptions
FNDA:0,getGroupingLabel
DA:3,3
DA:5,3
DA:6,44
DA:7,44
DA:10,44
DA:12,44
DA:21,3
DA:22,0
DA:25,3
DA:26,0
DA:27,0
DA:28,0
DA:29,0
DA:30,0
DA:31,0
LF:15
LH:8
BRDA:6,0,0,44
BRDA:6,0,1,0
BRDA:26,1,0,0
BRDA:26,1,1,0
BRDA:26,1,2,0
BRDA:26,1,3,0
BRDA:26,1,4,0
BRF:7
BRH:1
end_of_record
TN:
SF:src/core/update/updateCurrentDate.ts
FN:5,updateCurrentDate
FNF:1
FNH:1
FNDA:27,updateCurrentDate
DA:3,1
DA:5,1
DA:12,27
DA:14,27
LF:4
LH:4
BRF:0
BRH:0
end_of_record
TN:
SF:src/core/update/updateLayout.ts
FN:10,clearLayoutCache
FN:15,updateLayout
FN:71,(anonymous_2)
FN:97,generateCacheKey
FN:98,(anonymous_4)
FN:104,generateColumnHeaders
FN:170,isHeaderEmphasized
FN:196,generateTaskGrids
FN:212,calculateTaskPositions
FN:215,(anonymous_9)
FN:242,getDuration
FN:249,findTaskPosition
FN:270,isTaskInColumn
FN:292,getWeekStart
FN:299,findAvailableRow
FN:309,isRowAvailable
FN:319,markOccupied
FN:330,findAvailableRowOptimized
FN:355,markOccupiedOptimized
FNF:19
FNH:17
FNDA:125,clearLayoutCache
FNDA:205,updateLayout
FNDA:207,(anonymous_2)
FNDA:205,generateCacheKey
FNDA:26717,(anonymous_4)
FNDA:148,generateColumnHeaders
FNDA:1353,isHeaderEmphasized
FNDA:148,generateTaskGrids
FNDA:207,calculateTaskPositions
FNDA:103130,(anonymous_9)
FNDA:206260,getDuration
FNDA:15947,findTaskPosition
FNDA:149071,isTaskInColumn
FNDA:22807,getWeekStart
FNDA:3684,findAvailableRow
FNDA:0,isRowAvailable
FNDA:0,markOccupied
FNDA:3684,findAvailableRowOptimized
FNDA:3684,markOccupiedOptimized
DA:4,4
DA:5,4
DA:6,4
DA:8,4
DA:10,4
DA:11,125
DA:15,4
DA:16,205
DA:17,205
DA:18,205
DA:19,205
DA:20,205
DA:22,205
DA:26,205
DA:28,16
DA:29,16
DA:30,16
DA:33,189
DA:34,189
DA:35,189
DA:37,189
DA:38,136
DA:39,136
DA:40,53
DA:41,27
DA:42,27
DA:43,26
DA:44,26
DA:45,26
DA:47,0
DA:48,0
DA:52,205
DA:54,205
DA:55,57
DA:56,57
DA:65,148
DA:67,148
DA:68,148
DA:70,148
DA:71,207
DA:73,148
DA:82,148
DA:83,0
DA:84,0
DA:86,148
DA:88,148
DA:98,26717
DA:99,205
DA:100,205
DA:101,205
DA:105,148
DA:106,148
DA:107,148
DA:109,148
DA:110,148
DA:111,1353
DA:113,1353
DA:115,25
DA:116,25
DA:117,25
DA:118,25
DA:121,25
DA:122,25
DA:124,1328
DA:126,1353
DA:133,1353
DA:134,1205
DA:135,1205
DA:139,0
DA:140,0
DA:142,0
DA:144,0
DA:145,0
DA:146,0
DA:147,0
DA:150,0
DA:151,0
DA:153,0
DA:155,0
DA:162,0
DA:163,0
DA:167,148
DA:171,1353
DA:173,182
DA:174,1171
DA:176,191
DA:177,191
DA:180,191
DA:181,191
DA:183,191
DA:184,191
DA:186,191
DA:187,980
DA:189,980
DA:190,980
DA:193,0
DA:197,148
DA:198,148
DA:201,148
DA:202,207
DA:203,207
DA:204,207
DA:205,207
DA:209,148
DA:213,207
DA:215,207
DA:216,103130
DA:217,103130
DA:219,103130
DA:220,37290
DA:221,14398
DA:225,207
DA:226,207
DA:228,207
DA:229,15947
DA:230,15947
DA:231,3684
DA:232,3684
DA:234,3684
DA:235,3684
DA:239,207
DA:243,206260
DA:244,206260
DA:245,206260
DA:246,206260
DA:250,15947
DA:251,15947
DA:253,15947
DA:254,15947
DA:256,15947
DA:257,149071
DA:258,9702
DA:259,9702
DA:263,15947
DA:265,3684
DA:267,3684
DA:271,149071
DA:272,149071
DA:273,149071
DA:275,149071
DA:276,103898
DA:277,45173
DA:278,22591
DA:279,22591
DA:281,22591
DA:282,22582
DA:283,22582
DA:284,22582
DA:286,22582
DA:289,0
DA:293,22807
DA:294,22807
DA:295,22807
DA:296,22807
DA:300,3684
DA:301,0
DA:302,0
DA:306,3684
DA:310,0
DA:312,0
DA:313,0
DA:316,0
DA:320,0
DA:321,0
DA:324,0
DA:325,0
DA:331,3684
DA:333,3684
DA:334,68160
DA:335,68160
DA:336,1756
DA:339,66404
DA:340,66404
DA:341,72504
DA:342,64476
DA:343,64476
DA:347,66404
DA:348,1928
DA:351,64476
DA:356,3684
DA:357,1756
DA:360,3684
DA:361,3684
DA:362,9702
LF:184
LH:155
BRDA:16,0,0,205
BRDA:16,0,1,0
BRDA:17,1,0,205
BRDA:17,1,1,0
BRDA:19,2,0,205
BRDA:19,2,1,0
BRDA:20,3,0,205
BRDA:20,3,1,1
BRDA:20,4,0,1
BRDA:20,4,1,204
BRDA:20,5,0,205
BRDA:20,5,1,205
BRDA:26,6,0,16
BRDA:26,6,1,189
BRDA:37,7,0,136
BRDA:37,7,1,53
BRDA:40,8,0,27
BRDA:40,8,1,26
BRDA:43,9,0,26
BRDA:43,9,1,0
BRDA:54,10,0,57
BRDA:67,11,0,148
BRDA:67,11,1,0
BRDA:82,12,0,0
BRDA:99,13,0,16
BRDA:99,13,1,189
BRDA:100,14,0,205
BRDA:100,14,1,0
BRDA:100,15,0,0
BRDA:100,15,1,205
BRDA:100,16,0,205
BRDA:100,16,1,205
BRDA:109,17,0,148
BRDA:109,17,1,0
BRDA:109,18,0,148
BRDA:109,18,1,148
BRDA:113,19,0,25
BRDA:113,19,1,1328
BRDA:113,20,0,1353
BRDA:113,20,1,191
BRDA:121,21,0,25
BRDA:121,21,1,0
BRDA:121,22,0,25
BRDA:121,22,1,25
BRDA:133,23,0,1205
BRDA:142,24,0,0
BRDA:142,24,1,0
BRDA:142,25,0,0
BRDA:142,25,1,0
BRDA:150,26,0,0
BRDA:150,26,1,0
BRDA:150,27,0,0
BRDA:150,27,1,0
BRDA:171,28,0,182
BRDA:171,28,1,1171
BRDA:174,29,0,191
BRDA:174,29,1,980
BRDA:183,30,0,191
BRDA:183,30,1,0
BRDA:184,31,0,191
BRDA:184,31,1,191
BRDA:186,32,0,191
BRDA:186,32,1,191
BRDA:187,33,0,980
BRDA:203,34,0,207
BRDA:203,35,0,207
BRDA:203,35,1,207
BRDA:213,36,0,0
BRDA:219,37,0,65840
BRDA:220,38,0,22892
BRDA:220,39,0,22892
BRDA:220,39,1,0
BRDA:220,40,0,22892
BRDA:220,40,1,0
BRDA:230,41,0,3684
BRDA:243,42,0,0
BRDA:251,43,0,15947
BRDA:251,43,1,0
BRDA:257,44,0,9702
BRDA:258,45,0,3684
BRDA:263,46,0,12263
BRDA:275,47,0,103898
BRDA:275,47,1,45173
BRDA:276,48,0,103898
BRDA:276,48,1,48255
BRDA:277,49,0,22591
BRDA:277,49,1,22582
BRDA:281,50,0,22591
BRDA:281,50,1,12989
BRDA:282,51,0,22582
BRDA:286,52,0,22582
BRDA:286,52,1,13200
BRDA:295,53,0,0
BRDA:295,53,1,22807
BRDA:301,54,0,0
BRDA:310,55,0,0
BRDA:313,56,0,0
BRDA:335,57,0,1756
BRDA:341,58,0,64476
BRDA:347,59,0,1928
BRDA:356,60,0,1756
BRF:101
BRH:73
end_of_record
TN:
SF:src/core/update/updateTimeUnit.ts
FN:7,updateTimeUnit
FNF:1
FNH:1
FNDA:79,updateTimeUnit
DA:3,4
DA:5,4
DA:7,4
DA:14,79
DA:15,0
DA:18,79
DA:19,79
DA:22,79
DA:23,79
DA:25,79
LF:10
LH:9
BRDA:14,0,0,0
BRF:1
BRH:0
end_of_record
TN:
SF:src/core/update/updateTimelineViewport.ts
FN:5,updateTimelineViewport
FNF:1
FNH:1
FNDA:8,updateTimelineViewport
DA:3,1
DA:5,1
DA:13,8
DA:15,8
LF:4
LH:4
BRF:0
BRH:0
end_of_record
TN:
SF:src/core/utils/colorUtils.ts
FN:26,getAvailableColors
FN:27,(anonymous_1)
FN:33,isValidColor
FN:39,isValidColorVariable
FNF:4
FNH:4
FNDA:1,getAvailableColors
FNDA:8,(anonymous_1)
FNDA:6,isValidColor
FNDA:6,isValidColorVariable
DA:1,2
DA:12,2
DA:13,2
DA:14,2
DA:16,2
DA:26,2
DA:27,8
DA:33,2
DA:34,6
DA:39,2
DA:40,6
LF:11
LH:11
BRDA:34,0,0,6
BRDA:34,0,1,5
BRDA:34,0,2,4
BRF:3
BRH:3
end_of_record
TN:
SF:src/core/utils/dateUtils.ts
FN:6,addTime
FN:18,formatDateYYYYMMDD
FN:34,diffDays
FN:38,normalizeDate
FN:45,getWeekNumber
FN:53,getMonthYear
FN:57,isDateInRange
FN:115,formatDateByTimeUnit
FN:130,formatWeekWithMonth
FN:137,diffMonths
FNF:10
FNH:5
FNDA:24406,addTime
FNDA:0,formatDateYYYYMMDD
FNDA:0,diffDays
FNDA:447755,normalizeDate
FNDA:194,getWeekNumber
FNDA:0,getMonthYear
FNDA:0,isDateInRange
FNDA:1329,formatDateByTimeUnit
FNDA:27,formatWeekWithMonth
FNDA:0,diffMonths
DA:1,5
DA:6,5
DA:7,24406
DA:8,24406
DA:9,23972
DA:10,434
DA:11,222
DA:12,212
DA:13,212
DA:15,24406
DA:18,5
DA:19,0
DA:20,0
DA:21,0
DA:22,0
DA:23,0
DA:24,0
DA:27,0
DA:28,0
DA:29,0
DA:31,0
DA:34,5
DA:35,0
DA:38,5
DA:39,447755
DA:40,447755
DA:41,447755
DA:42,447755
DA:45,5
DA:46,194
DA:47,194
DA:48,194
DA:49,194
DA:50,194
DA:53,5
DA:54,0
DA:57,5
DA:59,0
DA:60,0
DA:63,0
DA:65,0
DA:66,0
DA:67,0
DA:70,0
DA:71,0
DA:74,0
DA:75,0
DA:76,0
DA:79,0
DA:80,0
DA:83,0
DA:85,0
DA:86,0
DA:91,0
DA:92,0
DA:93,0
DA:97,0
DA:98,0
DA:100,0
DA:101,0
DA:102,0
DA:105,0
DA:108,0
DA:111,0
DA:115,5
DA:116,1329
DA:117,980
DA:121,349
DA:122,167
DA:123,167
DA:124,182
DA:125,182
DA:127,0
DA:130,5
DA:131,27
DA:132,27
DA:133,27
DA:134,27
DA:137,5
DA:138,0
LF:80
LH:39
BRDA:8,0,0,23972
BRDA:8,0,1,434
BRDA:10,1,0,222
BRDA:10,1,1,212
BRDA:12,2,0,212
BRDA:19,3,0,0
BRDA:19,4,0,0
BRDA:19,4,1,0
BRDA:19,4,2,0
BRDA:59,5,0,0
BRDA:59,6,0,0
BRDA:59,6,1,0
BRDA:59,6,2,0
BRDA:65,7,0,0
BRDA:65,7,1,0
BRDA:66,8,0,0
BRDA:66,8,1,0
BRDA:67,9,0,0
BRDA:67,9,1,0
BRDA:70,10,0,0
BRDA:70,11,0,0
BRDA:70,11,1,0
BRDA:70,11,2,0
BRDA:79,12,0,0
BRDA:83,13,0,0
BRDA:83,13,1,0
BRDA:85,14,0,0
BRDA:85,14,1,0
BRDA:86,15,0,0
BRDA:86,15,1,0
BRDA:91,16,0,0
BRDA:91,16,1,0
BRDA:97,17,0,0
BRDA:97,17,1,0
BRDA:98,18,0,0
BRDA:105,19,0,0
BRDA:105,19,1,0
BRDA:116,20,0,980
BRDA:116,20,1,349
BRDA:121,21,0,167
BRDA:121,21,1,182
BRDA:123,22,0,65
BRDA:123,22,1,102
BRDA:124,23,0,182
BRDA:132,24,0,27
BRDA:132,24,1,2
BRDA:134,25,0,11
BRDA:134,25,1,16
BRF:48
BRH:16
end_of_record
TN:
SF:src/core/utils/groupingUtils.ts
FN:4,getGroupValue
FN:17,groupTasks
FN:36,generateAvailableGroups
FN:59,(anonymous_3)
FN:70,getStableOrder
FN:81,(anonymous_5)
FN:99,(anonymous_6)
FN:103,(anonymous_7)
FN:117,(anonymous_8)
FN:133,sortPriorityGroups
FN:134,(anonymous_10)
FN:151,sortStatusGroups
FNF:12
FNH:11
FNDA:8080,getGroupValue
FNDA:148,groupTasks
FNDA:44,generateAvailableGroups
FNDA:24,(anonymous_3)
FNDA:27,getStableOrder
FNDA:150,(anonymous_5)
FNDA:54,(anonymous_6)
FNDA:93,(anonymous_7)
FNDA:0,(anonymous_8)
FNDA:74,sortPriorityGroups
FNDA:148,(anonymous_10)
FNDA:81,sortStatusGroups
DA:4,4
DA:5,8080
DA:7,2520
DA:9,2520
DA:11,3040
DA:13,0
DA:17,4
DA:18,148
DA:19,131
DA:22,17
DA:24,17
DA:25,2200
DA:27,2200
DA:28,76
DA:30,2200
DA:33,17
DA:36,4
DA:42,44
DA:43,11
DA:46,33
DA:48,33
DA:49,5880
DA:50,5880
DA:53,33
DA:55,33
DA:56,27
DA:59,6
DA:60,24
DA:61,2
DA:63,22
DA:64,3
DA:66,19
DA:76,27
DA:77,27
DA:78,27
DA:80,27
DA:81,18
DA:82,150
DA:83,72
DA:85,78
DA:89,9
DA:92,9
DA:93,0
DA:94,0
DA:99,54
DA:101,9
DA:103,9
DA:104,93
DA:105,0
DA:107,93
DA:108,0
DA:110,93
DA:113,9
DA:116,0
DA:117,0
DA:118,0
DA:119,0
DA:121,0
DA:123,0
DA:126,9
DA:130,9
DA:134,74
DA:135,148
DA:137,148
DA:138,148
DA:141,74
DA:142,74
DA:144,74
DA:145,74
DA:146,74
DA:148,74
DA:152,81
DA:157,81
DA:158,81
DA:160,81
DA:161,54
DA:164,27
DA:165,18
DA:167,3
LF:79
LH:68
BRDA:5,0,0,2520
BRDA:5,0,1,2520
BRDA:5,0,2,3040
BRDA:5,0,3,0
BRDA:7,1,0,2520
BRDA:7,1,1,0
BRDA:9,2,0,2520
BRDA:9,2,1,0
BRDA:11,3,0,3040
BRDA:11,3,1,0
BRDA:18,4,0,131
BRDA:18,5,0,148
BRDA:18,5,1,17
BRDA:27,6,0,76
BRDA:42,7,0,11
BRDA:42,8,0,44
BRDA:42,8,1,33
BRDA:55,9,0,27
BRDA:55,10,0,33
BRDA:55,10,1,33
BRDA:60,11,0,2
BRDA:63,12,0,3
BRDA:76,13,0,27
BRDA:76,13,1,27
BRDA:77,14,0,27
BRDA:77,14,1,27
BRDA:78,15,0,27
BRDA:78,15,1,27
BRDA:80,16,0,18
BRDA:80,17,0,27
BRDA:80,17,1,18
BRDA:80,17,2,18
BRDA:82,18,0,72
BRDA:93,19,0,0
BRDA:101,20,0,9
BRDA:104,21,0,0
BRDA:107,22,0,0
BRDA:113,23,0,0
BRDA:113,23,1,9
BRDA:113,24,0,9
BRDA:113,24,1,9
BRDA:118,25,0,0
BRDA:135,26,0,0
BRDA:138,27,0,148
BRDA:138,27,1,0
BRDA:144,28,0,0
BRDA:144,29,0,74
BRDA:144,29,1,0
BRDA:145,30,0,0
BRDA:146,31,0,0
BRDA:160,32,0,54
BRDA:160,33,0,81
BRDA:160,33,1,69
BRDA:164,34,0,9
BRDA:164,35,0,27
BRDA:164,35,1,12
BRDA:165,36,0,15
BRDA:165,37,0,18
BRDA:165,37,1,15
BRF:59
BRH:44
end_of_record
TN:
SF:src/core/utils/minimapUtils.ts
FN:9,generateMinimapData
FN:59,(anonymous_1)
FN:65,generateTimePeriods
FN:88,normalizeToTimePeriodStart
FN:110,advanceToNextPeriod
FN:130,getTimePeriodKey
FN:135,getTimePeriodMidpointWithinRange
FN:150,taskOverlapsPeriod
FN:154,getTimePeriodEnd
FNF:9
FNH:9
FNDA:44,generateMinimapData
FNDA:870,(anonymous_1)
FNDA:38,generateTimePeriods
FNDA:946,normalizeToTimePeriodStart
FNDA:870,advanceToNextPeriod
FNDA:870,getTimePeriodKey
FNDA:870,getTimePeriodMidpointWithinRange
FNDA:870148,taskOverlapsPeriod
FNDA:871018,getTimePeriodEnd
DA:1,1
DA:9,1
DA:18,44
DA:20,5
DA:23,39
DA:24,1
DA:27,38
DA:28,38
DA:30,38
DA:31,8213
DA:33,8211
DA:34,8211
DA:35,8211
DA:37,8156
DA:38,8156
DA:39,0
DA:42,8156
DA:43,8156
DA:45,8156
DA:46,8063
DA:47,870148
DA:48,870148
DA:50,870148
DA:51,8069
DA:55,0
DA:59,870
DA:66,38
DA:67,38
DA:69,38
DA:70,38
DA:72,38
DA:73,870
DA:74,870
DA:76,870
DA:78,870
DA:79,0
DA:82,870
DA:85,38
DA:89,946
DA:91,946
DA:93,668
DA:94,668
DA:96,167
DA:97,167
DA:98,167
DA:100,111
DA:101,111
DA:102,111
DA:104,0
DA:107,946
DA:111,870
DA:113,870
DA:115,632
DA:116,632
DA:118,147
DA:119,147
DA:121,91
DA:122,91
DA:124,0
DA:127,870
DA:131,870
DA:132,870
DA:141,870
DA:142,870
DA:144,870
DA:145,870
DA:146,870
DA:147,870
DA:151,870148
DA:155,871018
DA:157,871018
DA:159,365758
DA:160,365758
DA:162,210124
DA:163,210124
DA:164,210124
DA:166,295136
DA:167,295136
DA:168,295136
DA:169,295136
DA:171,0
DA:174,871018
LF:82
LH:76
BRDA:18,0,0,5
BRDA:18,1,0,44
BRDA:18,1,1,41
BRDA:18,1,2,40
BRDA:18,1,3,39
BRDA:18,1,4,39
BRDA:23,2,0,1
BRDA:31,3,0,2
BRDA:35,4,0,55
BRDA:37,5,0,4
BRDA:37,5,1,8152
BRDA:38,6,0,0
BRDA:38,7,0,8156
BRDA:38,7,1,4
BRDA:45,8,0,93
BRDA:45,9,0,8156
BRDA:45,9,1,8064
BRDA:50,10,0,8069
BRDA:51,11,0,8069
BRDA:51,11,1,599
BRDA:61,12,0,870
BRDA:61,12,1,271
BRDA:78,13,0,0
BRDA:78,14,0,870
BRDA:78,14,1,870
BRDA:91,15,0,668
BRDA:91,15,1,167
BRDA:91,15,2,111
BRDA:91,15,3,0
BRDA:113,16,0,632
BRDA:113,16,1,147
BRDA:113,16,2,91
BRDA:113,16,3,0
BRDA:151,17,0,870148
BRDA:151,17,1,462478
BRDA:157,18,0,365758
BRDA:157,18,1,210124
BRDA:157,18,2,295136
BRDA:157,18,3,0
BRF:39
BRH:34
end_of_record
TN:
SF:src/core/utils/taskUtils.ts
FN:3,generateTaskId
FN:10,parseTaskFromContent
FN:47,validateTaskFrontmatter
FN:73,parseFrontmatter
FN:96,parseSubtasks
FN:105,(anonymous_5)
FNF:6
FNH:6
FNDA:4,generateTaskId
FNDA:6,parseTaskFromContent
FNDA:12,validateTaskFrontmatter
FNDA:6,parseFrontmatter
FNDA:4,parseSubtasks
FNDA:4,(anonymous_5)
DA:6,4
DA:7,4
DA:10,1
DA:11,6
DA:12,6
DA:14,6
DA:15,0
DA:18,6
DA:19,6
DA:21,6
DA:23,4
DA:24,4
DA:26,4
DA:40,4
DA:41,1
DA:44,3
DA:47,1
DA:48,12
DA:49,2
DA:52,10
DA:53,2
DA:56,8
DA:57,8
DA:58,1
DA:61,7
DA:62,1
DA:65,6
DA:66,1
DA:67,1
DA:68,0
DA:74,6
DA:75,6
DA:77,6
DA:78,18
DA:79,18
DA:81,18
DA:82,18
DA:84,18
DA:85,18
DA:86,1
DA:88,17
DA:93,6
DA:97,4
DA:98,4
DA:100,4
DA:101,3
DA:104,1
DA:105,4
DA:107,1
LF:49
LH:47
BRDA:6,0,0,4
BRDA:6,0,1,0
BRDA:14,1,0,0
BRDA:30,2,0,2
BRDA:30,2,1,2
BRDA:30,3,0,4
BRDA:30,3,1,4
BRDA:31,4,0,2
BRDA:31,4,1,2
BRDA:31,5,0,4
BRDA:31,5,1,4
BRDA:32,6,0,1
BRDA:32,6,1,3
BRDA:32,7,0,4
BRDA:32,7,1,4
BRDA:33,8,0,1
BRDA:33,8,1,3
BRDA:33,9,0,4
BRDA:33,9,1,4
BRDA:40,10,0,1
BRDA:40,11,0,4
BRDA:40,11,1,2
BRDA:48,12,0,2
BRDA:48,13,0,12
BRDA:48,13,1,10
BRDA:48,13,2,10
BRDA:52,14,0,2
BRDA:52,15,0,10
BRDA:52,15,1,8
BRDA:57,16,0,1
BRDA:61,17,0,1
BRDA:61,18,0,7
BRDA:61,18,1,4
BRDA:65,19,0,1
BRDA:67,20,0,0
BRDA:67,21,0,1
BRDA:67,21,1,1
BRDA:67,21,2,1
BRDA:79,22,0,0
BRDA:84,23,0,18
BRDA:84,24,0,18
BRDA:84,24,1,18
BRDA:85,25,0,1
BRDA:85,25,1,17
BRDA:100,26,0,3
BRF:45
BRH:41
end_of_record
TN:
SF:src/core/utils/timelineUtils.ts
FN:3,calculateDefaultViewport
FN:62,validateDateRange
FN:72,clampToDateRange
FN:82,snapViewportToTimeUnit
FN:135,generateTimeMarkers
FN:141,(anonymous_5)
FN:146,generateTimeMarkersWithMetadata
FN:152,(anonymous_7)
FN:190,generateTimePeriods
FN:213,normalizeToTimePeriodStart
FN:238,advanceToNextPeriod
FN:258,getTimePeriodKey
FN:263,getTimePeriodMidpointWithinRange
FN:278,getTimePeriodEnd
FNF:14
FNH:7
FNDA:0,calculateDefaultViewport
FNDA:0,validateDateRange
FNDA:0,clampToDateRange
FNDA:3,snapViewportToTimeUnit
FNDA:0,generateTimeMarkers
FNDA:0,(anonymous_5)
FNDA:3,generateTimeMarkersWithMetadata
FNDA:5,(anonymous_7)
FNDA:1,generateTimePeriods
FNDA:8,normalizeToTimePeriodStart
FNDA:5,advanceToNextPeriod
FNDA:5,getTimePeriodKey
FNDA:0,getTimePeriodMidpointWithinRange
FNDA:0,getTimePeriodEnd
DA:1,1
DA:3,1
DA:4,0
DA:9,0
DA:11,0
DA:12,0
DA:13,0
DA:14,0
DA:15,0
DA:18,0
DA:19,0
DA:26,0
DA:28,0
DA:29,0
DA:30,0
DA:31,0
DA:37,0
DA:38,0
DA:39,0
DA:40,0
DA:46,0
DA:47,0
DA:48,0
DA:49,0
DA:50,0
DA:51,0
DA:57,0
DA:62,1
DA:63,0
DA:64,0
DA:65,0
DA:66,0
DA:68,0
DA:72,1
DA:73,0
DA:74,0
DA:75,0
DA:77,0
DA:78,0
DA:79,0
DA:82,1
DA:83,3
DA:88,3
DA:90,2
DA:91,2
DA:92,2
DA:93,2
DA:94,2
DA:97,2
DA:98,2
DA:99,2
DA:101,1
DA:104,1
DA:108,0
DA:109,0
DA:110,0
DA:114,1
DA:116,1
DA:117,1
DA:119,1
DA:120,1
DA:121,1
DA:124,0
DA:125,0
DA:129,3
DA:135,1
DA:136,0
DA:137,0
DA:139,0
DA:141,0
DA:142,0
DA:146,1
DA:147,3
DA:148,3
DA:150,3
DA:151,1
DA:152,1
DA:153,5
DA:154,5
DA:155,5
DA:162,2
DA:163,2
DA:166,2
DA:167,2
DA:168,2
DA:169,2
DA:171,2
DA:173,2
DA:175,9
DA:176,9
DA:178,9
DA:184,9
DA:187,2
DA:191,1
DA:192,1
DA:194,1
DA:195,1
DA:197,1
DA:198,5
DA:199,5
DA:201,5
DA:203,5
DA:204,0
DA:207,5
DA:210,1
DA:214,8
DA:216,8
DA:218,0
DA:219,0
DA:221,0
DA:223,0
DA:224,0
DA:225,0
DA:226,0
DA:228,8
DA:229,8
DA:230,8
DA:232,0
DA:235,8
DA:239,5
DA:241,5
DA:243,0
DA:244,0
DA:246,0
DA:247,0
DA:249,5
DA:250,5
DA:252,0
DA:255,5
DA:259,5
DA:260,5
DA:269,0
DA:270,0
DA:272,0
DA:273,0
DA:274,0
DA:275,0
DA:279,0
DA:281,0
DA:283,0
DA:284,0
DA:286,0
DA:287,0
DA:288,0
DA:290,0
DA:291,0
DA:292,0
DA:293,0
DA:295,0
DA:298,0
LF:150
LH:71
BRDA:3,0,0,0
BRDA:9,1,0,0
BRDA:9,1,1,0
BRDA:9,2,0,0
BRDA:9,2,1,0
BRDA:14,3,0,0
BRDA:14,3,1,0
BRDA:26,4,0,0
BRDA:26,4,1,0
BRDA:26,4,2,0
BRDA:26,4,3,0
BRDA:66,5,0,0
BRDA:66,5,1,0
BRDA:66,5,2,0
BRDA:77,6,0,0
BRDA:78,7,0,0
BRDA:88,8,0,2
BRDA:88,8,1,1
BRDA:88,9,0,3
BRDA:88,9,1,2
BRDA:93,10,0,0
BRDA:93,10,1,2
BRDA:97,11,0,2
BRDA:97,11,1,0
BRDA:99,12,0,1
BRDA:99,12,1,1
BRDA:116,13,0,1
BRDA:116,13,1,0
BRDA:150,14,0,1
BRDA:150,14,1,2
BRDA:157,15,0,1
BRDA:157,15,1,4
BRDA:167,16,0,0
BRDA:167,16,1,2
BRDA:180,17,0,2
BRDA:180,17,1,7
BRDA:203,18,0,0
BRDA:203,19,0,5
BRDA:203,19,1,5
BRDA:216,20,0,0
BRDA:216,20,1,0
BRDA:216,20,2,8
BRDA:216,20,3,0
BRDA:224,21,0,0
BRDA:224,21,1,0
BRDA:241,22,0,0
BRDA:241,22,1,0
BRDA:241,22,2,5
BRDA:241,22,3,0
BRDA:281,23,0,0
BRDA:281,23,1,0
BRDA:281,23,2,0
BRDA:281,23,3,0
BRF:53
BRH:20
end_of_record
TN:
SF:src/core/utils/updateUtils.ts
FN:3,validateDateString
FN:10,validateDateRange
FN:19,createStateResult
FNF:3
FNH:3
FNDA:43,validateDateString
FNDA:8,validateDateRange
FNDA:35,createStateResult
DA:3,2
DA:4,43
DA:5,43
DA:6,0
DA:10,2
DA:11,8
DA:12,8
DA:14,8
DA:15,0
DA:19,2
DA:25,35
LF:11
LH:9
BRDA:5,0,0,0
BRDA:14,1,0,0
BRDA:26,2,0,27
BRDA:26,2,1,8
BRDA:27,3,0,8
BRDA:27,3,1,27
BRF:6
BRH:4
end_of_record
TN:
SF:src/enums/TimeUnit.ts
FN:1,(anonymous_0)
FNF:1
FNH:1
FNDA:6,(anonymous_0)
DA:1,6
DA:2,6
DA:3,6
DA:4,6
LF:4
LH:4
BRDA:1,0,0,6
BRDA:1,0,1,6
BRF:2
BRH:2
end_of_record
TN:
SF:tests/testHelpers.ts
FN:5,generateRandomTasks
FN:34,createTestAppState
FN:64,measurePerformance
FN:75,expectValidTaskPosition
FNF:4
FNH:3
FNDA:43,generateRandomTasks
FNDA:43,createTestAppState
FNDA:9,measurePerformance
FNDA:0,expectValidTaskPosition
DA:3,1
DA:5,1
DA:6,43
DA:7,43
DA:8,43
DA:9,43
DA:11,43
DA:12,8780
DA:13,8780
DA:14,8780
DA:15,8780
DA:17,8780
DA:31,43
DA:34,1
DA:35,43
DA:64,1
DA:65,9
DA:66,9
DA:67,9
DA:68,9
DA:70,9
DA:72,9
DA:75,1
DA:76,0
DA:77,0
DA:78,0
DA:79,0
DA:80,0
DA:81,0
DA:82,0
DA:83,0
DA:84,0
LF:32
LH:23
BRDA:5,0,0,43
BRDA:34,1,0,0
BRDA:34,2,0,0
BRDA:64,3,0,0
BRF:4
BRH:1
end_of_record
